2020-08-11 16:33:10,453 INFO [base.py(__init__:17)] - 正在初始化driver: <selenium.webdriver.chrome.webdriver.WebDriver (session="b444443edd9253f937426ae44ae98c5f")>
2020-08-11 16:33:10,482 INFO [base.py(base_find:29)] - 正在查找元素：('css selector', "[placeholder='请输入手机号']")
2020-08-11 16:33:10,560 INFO [base.py(base_input:42)] - 正在对：('css selector', "[placeholder='请输入手机号']") 元素执行清空操作！
2020-08-11 16:33:10,636 INFO [base.py(base_input:45)] - 正在对：('css selector', "[placeholder='请输入手机号']") 元素执行输入:13812345678 操作！
2020-08-11 16:33:11,843 INFO [base.py(base_find:29)] - 正在查找元素：('css selector', "[placeholder='验证码']")
2020-08-11 16:33:11,874 INFO [base.py(base_input:42)] - 正在对：('css selector', "[placeholder='验证码']") 元素执行清空操作！
2020-08-11 16:33:11,924 INFO [base.py(base_input:45)] - 正在对：('css selector', "[placeholder='验证码']") 元素执行输入:246810 操作！
2020-08-11 16:33:13,046 INFO [base.py(base_click:55)] - 正在对：('css selector', '.el-button--primary') 元素执行点击操作！
2020-08-11 16:33:13,046 INFO [base.py(base_find:29)] - 正在查找元素：('css selector', '.el-button--primary')
2020-08-11 16:33:16,203 INFO [base.py(base_find:29)] - 正在查找元素：('css selector', '.user-name')
2020-08-11 16:33:16,281 INFO [base.py(base_get_text:65)] - 正在对：('css selector', '.user-name') 元素获取文本操作！，获取的文本值：1381234
2020-08-11 16:33:16,281 INFO [base.py(base_find:29)] - 正在查找元素：('css selector', '.user-name')
2020-08-11 16:33:16,327 ERROR [base.py(base_get_img:70)] - 断言出错，正在执行截图操作！
2020-08-11 16:33:16,627 ERROR [base.py(base_get_img:74)] - 断言出错，正在将错误图片写入allure报告！
2020-08-11 16:34:54,529 INFO [base.py(__init__:17)] - 正在初始化driver: <selenium.webdriver.chrome.webdriver.WebDriver (session="05f6f3330352cb0bc7ba5f846b5c496a")>
2020-08-11 16:34:54,532 INFO [base.py(base_find:29)] - 正在查找元素：('css selector', "[placeholder='请输入手机号']")
2020-08-11 16:34:54,556 INFO [base.py(base_input:42)] - 正在对：('css selector', "[placeholder='请输入手机号']") 元素执行清空操作！
2020-08-11 16:34:54,615 INFO [base.py(base_input:45)] - 正在对：('css selector', "[placeholder='请输入手机号']") 元素执行输入:13812345678 操作！
2020-08-11 16:34:55,759 INFO [base.py(base_find:29)] - 正在查找元素：('css selector', "[placeholder='验证码']")
2020-08-11 16:34:55,790 INFO [base.py(base_input:42)] - 正在对：('css selector', "[placeholder='验证码']") 元素执行清空操作！
2020-08-11 16:34:55,841 INFO [base.py(base_input:45)] - 正在对：('css selector', "[placeholder='验证码']") 元素执行输入:246810 操作！
2020-08-11 16:34:56,934 INFO [base.py(base_click:55)] - 正在对：('css selector', '.el-button--primary') 元素执行点击操作！
2020-08-11 16:34:56,935 INFO [base.py(base_find:29)] - 正在查找元素：('css selector', '.el-button--primary')
2020-08-11 16:35:00,058 INFO [base.py(base_find:29)] - 正在查找元素：('css selector', '.user-name')
2020-08-11 16:35:00,102 INFO [base.py(base_get_text:65)] - 正在对：('css selector', '.user-name') 元素获取文本操作！，获取的文本值：1381234
2020-08-11 16:35:00,102 INFO [base.py(base_find:29)] - 正在查找元素：('css selector', '.user-name')
2020-08-11 16:35:08,343 INFO [base.py(__init__:17)] - 正在初始化driver: <selenium.webdriver.chrome.webdriver.WebDriver (session="72ea876013592d23a647bde0ef6a717f")>
2020-08-11 16:35:08,343 INFO [base.py(base_find:29)] - 正在查找元素：('css selector', "[placeholder='请输入手机号']")
2020-08-11 16:35:08,360 INFO [base.py(base_input:42)] - 正在对：('css selector', "[placeholder='请输入手机号']") 元素执行清空操作！
2020-08-11 16:35:08,427 INFO [base.py(base_input:45)] - 正在对：('css selector', "[placeholder='请输入手机号']") 元素执行输入:13812345678 操作！
2020-08-11 16:35:09,575 INFO [base.py(base_find:29)] - 正在查找元素：('css selector', "[placeholder='验证码']")
2020-08-11 16:35:09,621 INFO [base.py(base_input:42)] - 正在对：('css selector', "[placeholder='验证码']") 元素执行清空操作！
2020-08-11 16:35:09,669 INFO [base.py(base_input:45)] - 正在对：('css selector', "[placeholder='验证码']") 元素执行输入:246810 操作！
2020-08-11 16:35:10,778 INFO [base.py(base_click:55)] - 正在对：('css selector', '.el-button--primary') 元素执行点击操作！
2020-08-11 16:35:10,778 INFO [base.py(base_find:29)] - 正在查找元素：('css selector', '.el-button--primary')
2020-08-11 16:35:12,892 INFO [base.py(__init__:17)] - 正在初始化driver: <selenium.webdriver.chrome.webdriver.WebDriver (session="72ea876013592d23a647bde0ef6a717f")>
2020-08-11 16:35:12,930 INFO [base.py(base_click:55)] - 正在对：('xpath', "//span[text()='内容管理']/..") 元素执行点击操作！
2020-08-11 16:35:12,931 INFO [base.py(base_find:29)] - 正在查找元素：('xpath', "//span[text()='内容管理']/..")
2020-08-11 16:35:15,029 INFO [base.py(base_click:55)] - 正在对：('xpath', "//*[contains(text(),'发布文章')]") 元素执行点击操作！
2020-08-11 16:35:15,029 INFO [base.py(base_find:29)] - 正在查找元素：('xpath', "//*[contains(text(),'发布文章')]")
2020-08-11 16:35:17,106 INFO [base.py(base_find:29)] - 正在查找元素：('css selector', "[placeholder='文章名称']")
2020-08-11 16:35:17,447 INFO [base.py(base_input:42)] - 正在对：('css selector', "[placeholder='文章名称']") 元素执行清空操作！
2020-08-11 16:35:17,485 INFO [base.py(base_input:45)] - 正在对：('css selector', "[placeholder='文章名称']") 元素执行输入:test003 操作！
2020-08-11 16:35:19,680 INFO [base.py(base_find:29)] - 正在查找元素：('css selector', '#publishTinymce_ifr')
2020-08-11 16:35:21,762 INFO [base.py(base_find:29)] - 正在查找元素：('css selector', '#tinymce')
2020-08-11 16:35:21,794 INFO [base.py(base_input:42)] - 正在对：('css selector', '#tinymce') 元素执行清空操作！
2020-08-11 16:35:21,825 INFO [base.py(base_input:45)] - 正在对：('css selector', '#tinymce') 元素执行输入:今天吃火锅 操作！
2020-08-11 16:35:26,000 INFO [base.py(base_click:55)] - 正在对：('xpath', "//*[text()='自动']") 元素执行点击操作！
2020-08-11 16:35:26,000 INFO [base.py(base_find:29)] - 正在查找元素：('xpath', "//*[text()='自动']")
2020-08-11 16:35:28,109 INFO [base.py(base_click:55)] - 正在对：('css selector', '[placeholder=请选择]') 元素执行点击操作！
2020-08-11 16:35:28,109 INFO [base.py(base_find:29)] - 正在查找元素：('css selector', '[placeholder=请选择]')
2020-08-11 16:35:30,263 INFO [base.py(base_click:55)] - 正在对：('xpath', "//*[text()='数据库']") 元素执行点击操作！
2020-08-11 16:35:30,263 INFO [base.py(base_find:29)] - 正在查找元素：('xpath', "//*[text()='数据库']")
2020-08-11 16:35:32,393 INFO [base.py(base_click:55)] - 正在对：('xpath', "//*[text()='发表']/..") 元素执行点击操作！
2020-08-11 16:35:32,393 INFO [base.py(base_find:29)] - 正在查找元素：('xpath', "//*[text()='发表']/..")
2020-08-11 16:35:32,519 INFO [base.py(base_find:29)] - 正在查找元素：('xpath', "//*[contains(text(),'新增文章成功')]")
2020-08-11 16:35:33,125 INFO [base.py(base_get_text:65)] - 正在对：('xpath', "//*[contains(text(),'新增文章成功')]") 元素获取文本操作！，获取的文本值：新增文章成功
2020-08-11 16:35:33,126 INFO [base.py(base_find:29)] - 正在查找元素：('xpath', "//*[contains(text(),'新增文章成功')]")
2020-08-11 16:35:43,212 INFO [base.py(__init__:17)] - 正在初始化driver: <selenium.webdriver.chrome.webdriver.WebDriver (session="35b32d646eadc21622b6580190ca6c05")>
2020-08-11 16:35:53,443 INFO [base.py(__init__:17)] - 正在初始化driver: <selenium.webdriver.chrome.webdriver.WebDriver (session="94222a0a5b436292d85f5ff0442f49e6")>
2020-08-11 16:35:53,444 INFO [base.py(base_find:29)] - 正在查找元素：('css selector', "[name='username']")
2020-08-11 16:35:53,458 INFO [base.py(base_input:42)] - 正在对：('css selector', "[name='username']") 元素执行清空操作！
2020-08-11 16:35:53,482 INFO [base.py(base_input:45)] - 正在对：('css selector', "[name='username']") 元素执行输入:testid 操作！
2020-08-11 16:35:55,567 INFO [base.py(base_find:29)] - 正在查找元素：('css selector', "[name='password']")
2020-08-11 16:35:55,581 INFO [base.py(base_input:42)] - 正在对：('css selector', "[name='password']") 元素执行清空操作！
2020-08-11 16:35:55,623 INFO [base.py(base_input:45)] - 正在对：('css selector', "[name='password']") 元素执行输入:testpwd123 操作！
2020-08-11 16:35:57,710 INFO [base.py(base_click:55)] - 正在对：('css selector', '#inp1') 元素执行点击操作！
2020-08-11 16:35:57,710 INFO [base.py(base_find:29)] - 正在查找元素：('css selector', '#inp1')
2020-08-11 16:35:59,766 INFO [base.py(__init__:17)] - 正在初始化driver: <selenium.webdriver.chrome.webdriver.WebDriver (session="94222a0a5b436292d85f5ff0442f49e6")>
2020-08-11 16:35:59,767 INFO [page_mis_audit.py(page_mis_audit:55)] - 正在调用组合发布文章审核业务方法，title:test003 channel:数据库
2020-08-11 16:35:59,767 INFO [base.py(base_click:55)] - 正在对：('xpath', "//*[text()='信息管理']") 元素执行点击操作！
2020-08-11 16:35:59,767 INFO [base.py(base_find:29)] - 正在查找元素：('xpath', "//*[text()='信息管理']")
2020-08-11 16:36:01,861 INFO [base.py(base_click:55)] - 正在对：('xpath', "//*[text()='内容审核']") 元素执行点击操作！
2020-08-11 16:36:01,861 INFO [base.py(base_find:29)] - 正在查找元素：('xpath', "//*[text()='内容审核']")
2020-08-11 16:36:04,142 INFO [base.py(base_find:29)] - 正在查找元素：('css selector', "[placeholder='请输入: 文章名称']")
2020-08-11 16:36:04,181 INFO [base.py(base_input:42)] - 正在对：('css selector', "[placeholder='请输入: 文章名称']") 元素执行清空操作！
2020-08-11 16:36:04,230 INFO [base.py(base_input:45)] - 正在对：('css selector', "[placeholder='请输入: 文章名称']") 元素执行输入:test003 操作！
2020-08-11 16:36:06,347 INFO [base.py(base_find:29)] - 正在查找元素：('css selector', "[placeholder='请输入: 频道']")
2020-08-11 16:36:06,382 INFO [base.py(base_input:42)] - 正在对：('css selector', "[placeholder='请输入: 频道']") 元素执行清空操作！
2020-08-11 16:36:06,436 INFO [base.py(base_input:45)] - 正在对：('css selector', "[placeholder='请输入: 频道']") 元素执行输入:数据库 操作！
2020-08-11 16:36:08,505 INFO [base.py(base_click:55)] - 正在对：('css selector', '[placeholder=请选择状态]') 元素执行点击操作！
2020-08-11 16:36:08,506 INFO [base.py(base_find:29)] - 正在查找元素：('css selector', '[placeholder=请选择状态]')
2020-08-11 16:36:10,659 INFO [base.py(base_click:55)] - 正在对：('xpath', "//*[text()='待审核']") 元素执行点击操作！
2020-08-11 16:36:10,659 INFO [base.py(base_find:29)] - 正在查找元素：('xpath', "//*[text()='待审核']")
2020-08-11 16:36:12,776 INFO [base.py(base_click:55)] - 正在对：('css selector', '.find') 元素执行点击操作！
2020-08-11 16:36:12,776 INFO [base.py(base_find:29)] - 正在查找元素：('css selector', '.find')
2020-08-11 16:36:14,875 INFO [base.py(base_find:29)] - 正在查找元素：('css selector', '.cell>span')
2020-08-11 16:36:14,943 INFO [base.py(base_get_text:65)] - 正在对：('css selector', '.cell>span') 元素获取文本操作！，获取的文本值：1292382034144002048
2020-08-11 16:36:14,943 INFO [base.py(base_find:29)] - 正在查找元素：('css selector', '.cell>span')
2020-08-11 16:36:14,964 INFO [base.py(base_find:29)] - 正在查找元素：('css selector', '.cell>span')
2020-08-11 16:36:14,982 INFO [base.py(base_get_text:65)] - 正在对：('css selector', '.cell>span') 元素获取文本操作！，获取的文本值：1292382034144002048
2020-08-11 16:36:14,982 INFO [base.py(base_find:29)] - 正在查找元素：('css selector', '.cell>span')
2020-08-11 16:36:17,013 INFO [base.py(base_click:55)] - 正在对：('xpath', "//*[text()='通过']/..") 元素执行点击操作！
2020-08-11 16:36:17,013 INFO [base.py(base_find:29)] - 正在查找元素：('xpath', "//*[text()='通过']/..")
2020-08-11 16:36:18,144 INFO [base.py(base_click:55)] - 正在对：('css selector', '.el-button--primary') 元素执行点击操作！
2020-08-11 16:36:18,144 INFO [base.py(base_find:29)] - 正在查找元素：('css selector', '.el-button--primary')
2020-08-11 16:36:18,253 INFO [page_mis_audit.py(page_assert_audit:80)] - 正在调用组织断言业务操作方法
2020-08-11 16:36:21,253 INFO [base.py(base_click:55)] - 正在对：('css selector', '[placeholder=请选择状态]') 元素执行点击操作！
2020-08-11 16:36:21,253 INFO [base.py(base_find:29)] - 正在查找元素：('css selector', '[placeholder=请选择状态]')
2020-08-11 16:36:23,314 INFO [base.py(base_click:55)] - 正在对：('xpath', "//*[text()='审核通过']") 元素执行点击操作！
2020-08-11 16:36:23,315 INFO [base.py(base_find:29)] - 正在查找元素：('xpath', "//*[text()='审核通过']")
2020-08-11 16:36:23,427 INFO [base.py(base_click:55)] - 正在对：('css selector', '.find') 元素执行点击操作！
2020-08-11 16:36:23,427 INFO [base.py(base_find:29)] - 正在查找元素：('css selector', '.find')
2020-08-11 16:36:23,491 INFO [web_base.py(web_base_is_exist:30)] - 正在调用查找页面是否存在指定元素方法
2020-08-11 16:36:23,491 INFO [base.py(base_find:29)] - 正在查找元素：('xpath', "//*[text()='1292382034144002048']")
2020-08-11 16:37:29,282 INFO [base.py(__init__:17)] - 正在初始化driver: <selenium.webdriver.chrome.webdriver.WebDriver (session="a51b01d75611d66d51e1323eff7cc1cb")>
2020-08-11 16:37:29,283 INFO [base.py(base_find:29)] - 正在查找元素：('css selector', "[name='username']")
2020-08-11 16:37:29,302 INFO [base.py(base_input:42)] - 正在对：('css selector', "[name='username']") 元素执行清空操作！
2020-08-11 16:37:29,342 INFO [base.py(base_input:45)] - 正在对：('css selector', "[name='username']") 元素执行输入:testid 操作！
2020-08-11 16:37:31,420 INFO [base.py(base_find:29)] - 正在查找元素：('css selector', "[name='password']")
2020-08-11 16:37:31,474 INFO [base.py(base_input:42)] - 正在对：('css selector', "[name='password']") 元素执行清空操作！
2020-08-11 16:37:31,520 INFO [base.py(base_input:45)] - 正在对：('css selector', "[name='password']") 元素执行输入:testpwd123 操作！
2020-08-11 16:37:33,622 INFO [base.py(base_click:55)] - 正在对：('css selector', '#inp1') 元素执行点击操作！
2020-08-11 16:37:33,622 INFO [base.py(base_find:29)] - 正在查找元素：('css selector', '#inp1')
2020-08-11 16:37:35,694 INFO [base.py(__init__:17)] - 正在初始化driver: <selenium.webdriver.chrome.webdriver.WebDriver (session="a51b01d75611d66d51e1323eff7cc1cb")>
2020-08-11 16:37:35,695 INFO [page_mis_audit.py(page_mis_audit:55)] - 正在调用组合发布文章审核业务方法，title:test003 channel:数据库
2020-08-11 16:37:35,696 INFO [base.py(base_click:55)] - 正在对：('xpath', "//*[text()='信息管理']") 元素执行点击操作！
2020-08-11 16:37:35,696 INFO [base.py(base_find:29)] - 正在查找元素：('xpath', "//*[text()='信息管理']")
2020-08-11 16:37:37,785 INFO [base.py(base_click:55)] - 正在对：('xpath', "//*[text()='内容审核']") 元素执行点击操作！
2020-08-11 16:37:37,785 INFO [base.py(base_find:29)] - 正在查找元素：('xpath', "//*[text()='内容审核']")
2020-08-11 16:37:39,966 INFO [base.py(base_find:29)] - 正在查找元素：('css selector', "[placeholder='请输入: 文章名称']")
2020-08-11 16:37:40,002 INFO [base.py(base_input:42)] - 正在对：('css selector', "[placeholder='请输入: 文章名称']") 元素执行清空操作！
2020-08-11 16:37:40,050 INFO [base.py(base_input:45)] - 正在对：('css selector', "[placeholder='请输入: 文章名称']") 元素执行输入:test003 操作！
2020-08-11 16:37:42,167 INFO [base.py(base_find:29)] - 正在查找元素：('css selector', "[placeholder='请输入: 频道']")
2020-08-11 16:37:42,211 INFO [base.py(base_input:42)] - 正在对：('css selector', "[placeholder='请输入: 频道']") 元素执行清空操作！
2020-08-11 16:37:42,270 INFO [base.py(base_input:45)] - 正在对：('css selector', "[placeholder='请输入: 频道']") 元素执行输入:数据库 操作！
2020-08-11 16:37:44,338 INFO [base.py(base_click:55)] - 正在对：('css selector', '[placeholder=请选择状态]') 元素执行点击操作！
2020-08-11 16:37:44,338 INFO [base.py(base_find:29)] - 正在查找元素：('css selector', '[placeholder=请选择状态]')
2020-08-11 16:37:46,469 INFO [base.py(base_click:55)] - 正在对：('xpath', "//*[text()='待审核']") 元素执行点击操作！
2020-08-11 16:37:46,469 INFO [base.py(base_find:29)] - 正在查找元素：('xpath', "//*[text()='待审核']")
2020-08-11 16:37:48,579 INFO [base.py(base_click:55)] - 正在对：('css selector', '.find') 元素执行点击操作！
2020-08-11 16:37:48,579 INFO [base.py(base_find:29)] - 正在查找元素：('css selector', '.find')
2020-08-11 16:37:50,686 INFO [base.py(base_find:29)] - 正在查找元素：('css selector', '.cell>span')
2020-08-11 16:37:50,760 INFO [base.py(base_get_text:65)] - 正在对：('css selector', '.cell>span') 元素获取文本操作！，获取的文本值：1292382832080977920
2020-08-11 16:37:50,760 INFO [base.py(base_find:29)] - 正在查找元素：('css selector', '.cell>span')
2020-08-11 16:37:50,782 INFO [base.py(base_find:29)] - 正在查找元素：('css selector', '.cell>span')
2020-08-11 16:37:50,801 INFO [base.py(base_get_text:65)] - 正在对：('css selector', '.cell>span') 元素获取文本操作！，获取的文本值：1292382832080977920
2020-08-11 16:37:50,801 INFO [base.py(base_find:29)] - 正在查找元素：('css selector', '.cell>span')
2020-08-11 16:37:52,820 INFO [base.py(base_click:55)] - 正在对：('xpath', "//*[text()='通过']/..") 元素执行点击操作！
2020-08-11 16:37:52,820 INFO [base.py(base_find:29)] - 正在查找元素：('xpath', "//*[text()='通过']/..")
2020-08-11 16:37:53,949 INFO [base.py(base_click:55)] - 正在对：('css selector', '.el-button--primary') 元素执行点击操作！
2020-08-11 16:37:53,949 INFO [base.py(base_find:29)] - 正在查找元素：('css selector', '.el-button--primary')
2020-08-11 16:37:54,048 INFO [page_mis_audit.py(page_assert_audit:80)] - 正在调用组织断言业务操作方法
2020-08-11 16:37:57,048 INFO [base.py(base_click:55)] - 正在对：('css selector', '[placeholder=请选择状态]') 元素执行点击操作！
2020-08-11 16:37:57,049 INFO [base.py(base_find:29)] - 正在查找元素：('css selector', '[placeholder=请选择状态]')
2020-08-11 16:37:59,128 INFO [base.py(base_click:55)] - 正在对：('xpath', "//*[text()='审核通过']") 元素执行点击操作！
2020-08-11 16:37:59,128 INFO [base.py(base_find:29)] - 正在查找元素：('xpath', "//*[text()='审核通过']")
2020-08-11 16:37:59,230 INFO [base.py(base_click:55)] - 正在对：('css selector', '.find') 元素执行点击操作！
2020-08-11 16:37:59,230 INFO [base.py(base_find:29)] - 正在查找元素：('css selector', '.find')
2020-08-11 16:37:59,284 INFO [web_base.py(web_base_is_exist:30)] - 正在调用查找页面是否存在指定元素方法
2020-08-11 16:37:59,284 INFO [base.py(base_find:29)] - 正在查找元素：('xpath', "//*[text()='1292382832080977920']")
2020-08-11 16:38:43,682 INFO [base.py(__init__:17)] - 正在初始化driver: <selenium.webdriver.chrome.webdriver.WebDriver (session="22fd0c843387b235eda0ea3bbf96dae5")>
2020-08-11 16:44:42,635 INFO [base.py(__init__:17)] - 正在初始化driver: <selenium.webdriver.chrome.webdriver.WebDriver (session="5df2914e6986bf44ae767c9262119bff")>
2020-08-11 16:44:42,636 INFO [base.py(__init__:17)] - 正在初始化driver: <selenium.webdriver.chrome.webdriver.WebDriver (session="5df2914e6986bf44ae767c9262119bff")>
2020-08-11 16:45:50,129 INFO [base.py(__init__:17)] - 正在初始化driver: <selenium.webdriver.chrome.webdriver.WebDriver (session="fae3c39d407362abde212f0145419640")>
2020-08-11 16:45:50,131 INFO [base.py(base_find:29)] - 正在查找元素：('css selector', "[name='username']")
2020-08-11 16:45:50,147 INFO [base.py(base_input:42)] - 正在对：('css selector', "[name='username']") 元素执行清空操作！
2020-08-11 16:45:50,185 INFO [base.py(base_input:45)] - 正在对：('css selector', "[name='username']") 元素执行输入:textid 操作！
2020-08-11 16:45:52,281 INFO [base.py(base_find:29)] - 正在查找元素：('css selector', "[name='password']")
2020-08-11 16:45:52,281 INFO [base.py(base_input:42)] - 正在对：('css selector', "[name='password']") 元素执行清空操作！
2020-08-11 16:45:52,328 INFO [base.py(base_input:45)] - 正在对：('css selector', "[name='password']") 元素执行输入:textpwd123 操作！
2020-08-11 16:45:54,431 INFO [base.py(base_click:55)] - 正在对：('css selector', '#inp1') 元素执行点击操作！
2020-08-11 16:45:54,431 INFO [base.py(base_find:29)] - 正在查找元素：('css selector', '#inp1')
2020-08-11 16:45:56,525 INFO [base.py(base_find:29)] - 正在查找元素：('css selector', '.user_info')
2020-08-11 16:46:47,317 INFO [base.py(__init__:17)] - 正在初始化driver: <selenium.webdriver.chrome.webdriver.WebDriver (session="2803d0996f93e48b7f3c1631b031411b")>
2020-08-11 16:46:47,320 INFO [base.py(base_find:29)] - 正在查找元素：('css selector', "[name='username']")
2020-08-11 16:46:47,337 INFO [base.py(base_input:42)] - 正在对：('css selector', "[name='username']") 元素执行清空操作！
2020-08-11 16:46:47,370 INFO [base.py(base_input:45)] - 正在对：('css selector', "[name='username']") 元素执行输入:testid 操作！
2020-08-11 16:46:49,461 INFO [base.py(base_find:29)] - 正在查找元素：('css selector', "[name='password']")
2020-08-11 16:46:49,461 INFO [base.py(base_input:42)] - 正在对：('css selector', "[name='password']") 元素执行清空操作！
2020-08-11 16:46:49,508 INFO [base.py(base_input:45)] - 正在对：('css selector', "[name='password']") 元素执行输入:testpwd123 操作！
2020-08-11 16:46:51,596 INFO [base.py(base_click:55)] - 正在对：('css selector', '#inp1') 元素执行点击操作！
2020-08-11 16:46:51,596 INFO [base.py(base_find:29)] - 正在查找元素：('css selector', '#inp1')
2020-08-11 16:46:53,668 INFO [base.py(base_find:29)] - 正在查找元素：('css selector', '.user_info')
2020-08-11 16:46:53,711 INFO [base.py(base_get_text:65)] - 正在对：('css selector', '.user_info') 元素获取文本操作！，获取的文本值：欢迎 管理员
2020-08-11 16:46:53,711 INFO [base.py(base_find:29)] - 正在查找元素：('css selector', '.user_info')
2020-08-11 19:46:54,407 INFO [base.py(__init__:17)] - 正在初始化driver: <selenium.webdriver.chrome.webdriver.WebDriver (session="625385b024f9c043bebf776ad8368a65")>
2020-08-11 19:46:54,408 INFO [base.py(base_find:29)] - 正在查找元素：('css selector', "[placeholder='请输入手机号']")
2020-08-11 19:46:54,430 INFO [base.py(base_input:42)] - 正在对：('css selector', "[placeholder='请输入手机号']") 元素执行清空操作！
2020-08-11 19:46:54,507 INFO [base.py(base_input:45)] - 正在对：('css selector', "[placeholder='请输入手机号']") 元素执行输入:13812345678 操作！
2020-08-11 19:46:55,677 INFO [base.py(base_find:29)] - 正在查找元素：('css selector', "[placeholder='验证码']")
2020-08-11 19:46:55,709 INFO [base.py(base_input:42)] - 正在对：('css selector', "[placeholder='验证码']") 元素执行清空操作！
2020-08-11 19:46:55,755 INFO [base.py(base_input:45)] - 正在对：('css selector', "[placeholder='验证码']") 元素执行输入:246810 操作！
2020-08-11 19:46:56,843 INFO [base.py(base_click:55)] - 正在对：('css selector', '.el-button--primary') 元素执行点击操作！
2020-08-11 19:46:56,843 INFO [base.py(base_find:29)] - 正在查找元素：('css selector', '.el-button--primary')
2020-08-11 19:46:59,897 INFO [base.py(base_find:29)] - 正在查找元素：('css selector', '.user-name')
2020-08-11 19:46:59,928 INFO [base.py(base_get_text:65)] - 正在对：('css selector', '.user-name') 元素获取文本操作！，获取的文本值：1381234
2020-08-11 19:46:59,928 INFO [base.py(base_find:29)] - 正在查找元素：('css selector', '.user-name')
2020-08-11 19:47:05,291 INFO [base.py(__init__:17)] - 正在初始化driver: <selenium.webdriver.chrome.webdriver.WebDriver (session="845b57e835283f1380705b10ddc5fcba")>
2020-08-11 19:47:05,291 INFO [base.py(base_find:29)] - 正在查找元素：('css selector', "[placeholder='请输入手机号']")
2020-08-11 19:47:05,308 INFO [base.py(base_input:42)] - 正在对：('css selector', "[placeholder='请输入手机号']") 元素执行清空操作！
2020-08-11 19:47:05,408 INFO [base.py(base_input:45)] - 正在对：('css selector', "[placeholder='请输入手机号']") 元素执行输入:13812345678 操作！
2020-08-11 19:47:06,741 INFO [base.py(base_find:29)] - 正在查找元素：('css selector', "[placeholder='验证码']")
2020-08-11 19:47:06,772 INFO [base.py(base_input:42)] - 正在对：('css selector', "[placeholder='验证码']") 元素执行清空操作！
2020-08-11 19:47:06,829 INFO [base.py(base_input:45)] - 正在对：('css selector', "[placeholder='验证码']") 元素执行输入:246810 操作！
2020-08-11 19:47:07,905 INFO [base.py(base_click:55)] - 正在对：('css selector', '.el-button--primary') 元素执行点击操作！
2020-08-11 19:47:07,905 INFO [base.py(base_find:29)] - 正在查找元素：('css selector', '.el-button--primary')
2020-08-11 19:47:09,999 INFO [base.py(__init__:17)] - 正在初始化driver: <selenium.webdriver.chrome.webdriver.WebDriver (session="845b57e835283f1380705b10ddc5fcba")>
2020-08-11 19:47:10,002 INFO [base.py(base_click:55)] - 正在对：('xpath', "//span[text()='内容管理']/..") 元素执行点击操作！
2020-08-11 19:47:10,003 INFO [base.py(base_find:29)] - 正在查找元素：('xpath', "//span[text()='内容管理']/..")
2020-08-11 19:47:12,092 INFO [base.py(base_click:55)] - 正在对：('xpath', "//*[contains(text(),'发布文章')]") 元素执行点击操作！
2020-08-11 19:47:12,092 INFO [base.py(base_find:29)] - 正在查找元素：('xpath', "//*[contains(text(),'发布文章')]")
2020-08-11 19:47:14,210 INFO [base.py(base_find:29)] - 正在查找元素：('css selector', "[placeholder='文章名称']")
2020-08-11 19:47:14,242 INFO [base.py(base_input:42)] - 正在对：('css selector', "[placeholder='文章名称']") 元素执行清空操作！
2020-08-11 19:47:14,288 INFO [base.py(base_input:45)] - 正在对：('css selector', "[placeholder='文章名称']") 元素执行输入:test003 操作！
2020-08-11 19:47:16,460 INFO [base.py(base_find:29)] - 正在查找元素：('css selector', '#publishTinymce_ifr')
2020-08-11 19:47:18,529 INFO [base.py(base_find:29)] - 正在查找元素：('css selector', '#tinymce')
2020-08-11 19:47:18,529 INFO [base.py(base_input:42)] - 正在对：('css selector', '#tinymce') 元素执行清空操作！
2020-08-11 19:47:18,561 INFO [base.py(base_input:45)] - 正在对：('css selector', '#tinymce') 元素执行输入:今天吃火锅 操作！
2020-08-11 19:47:22,764 INFO [base.py(base_click:55)] - 正在对：('xpath', "//*[text()='自动']") 元素执行点击操作！
2020-08-11 19:47:22,764 INFO [base.py(base_find:29)] - 正在查找元素：('xpath', "//*[text()='自动']")
2020-08-11 19:47:24,877 INFO [base.py(base_click:55)] - 正在对：('css selector', '[placeholder=请选择]') 元素执行点击操作！
2020-08-11 19:47:24,877 INFO [base.py(base_find:29)] - 正在查找元素：('css selector', '[placeholder=请选择]')
2020-08-11 19:47:27,106 INFO [base.py(base_click:55)] - 正在对：('xpath', "//*[text()='数据库']") 元素执行点击操作！
2020-08-11 19:47:27,106 INFO [base.py(base_find:29)] - 正在查找元素：('xpath', "//*[text()='数据库']")
2020-08-11 19:47:29,208 INFO [base.py(base_click:55)] - 正在对：('xpath', "//*[text()='发表']/..") 元素执行点击操作！
2020-08-11 19:47:29,208 INFO [base.py(base_find:29)] - 正在查找元素：('xpath', "//*[text()='发表']/..")
2020-08-11 19:47:29,320 INFO [base.py(base_find:29)] - 正在查找元素：('xpath', "//*[contains(text(),'新增文章成功')]")
2020-08-11 19:47:29,869 INFO [base.py(base_get_text:65)] - 正在对：('xpath', "//*[contains(text(),'新增文章成功')]") 元素获取文本操作！，获取的文本值：新增文章成功
2020-08-11 19:47:29,869 INFO [base.py(base_find:29)] - 正在查找元素：('xpath', "//*[contains(text(),'新增文章成功')]")
2020-08-11 19:47:36,463 INFO [base.py(__init__:17)] - 正在初始化driver: <selenium.webdriver.chrome.webdriver.WebDriver (session="b2ad467e6f73e14771b9f78df8340ced")>
2020-08-11 19:47:36,464 INFO [base.py(base_find:29)] - 正在查找元素：('css selector', "[name='username']")
2020-08-11 19:47:36,478 INFO [base.py(base_input:42)] - 正在对：('css selector', "[name='username']") 元素执行清空操作！
2020-08-11 19:47:36,518 INFO [base.py(base_input:45)] - 正在对：('css selector', "[name='username']") 元素执行输入:testid 操作！
2020-08-11 19:47:38,591 INFO [base.py(base_find:29)] - 正在查找元素：('css selector', "[name='password']")
2020-08-11 19:47:38,607 INFO [base.py(base_input:42)] - 正在对：('css selector', "[name='password']") 元素执行清空操作！
2020-08-11 19:47:38,622 INFO [base.py(base_input:45)] - 正在对：('css selector', "[name='password']") 元素执行输入:testpwd123 操作！
2020-08-11 19:47:40,737 INFO [base.py(base_click:55)] - 正在对：('css selector', '#inp1') 元素执行点击操作！
2020-08-11 19:47:40,737 INFO [base.py(base_find:29)] - 正在查找元素：('css selector', '#inp1')
2020-08-11 19:47:42,810 INFO [base.py(base_find:29)] - 正在查找元素：('css selector', '.user_info')
2020-08-11 19:47:42,874 INFO [base.py(base_get_text:65)] - 正在对：('css selector', '.user_info') 元素获取文本操作！，获取的文本值：欢迎 管理员
2020-08-11 19:47:42,874 INFO [base.py(base_find:29)] - 正在查找元素：('css selector', '.user_info')
2020-08-11 19:47:48,870 INFO [base.py(__init__:17)] - 正在初始化driver: <selenium.webdriver.chrome.webdriver.WebDriver (session="fc90c928e46b61f88d0c1ff247bd99e9")>
2020-08-11 19:47:48,870 INFO [base.py(base_find:29)] - 正在查找元素：('css selector', "[name='username']")
2020-08-11 19:47:48,944 INFO [base.py(base_input:42)] - 正在对：('css selector', "[name='username']") 元素执行清空操作！
2020-08-11 19:47:48,987 INFO [base.py(base_input:45)] - 正在对：('css selector', "[name='username']") 元素执行输入:testid 操作！
2020-08-11 19:47:51,068 INFO [base.py(base_find:29)] - 正在查找元素：('css selector', "[name='password']")
2020-08-11 19:47:51,099 INFO [base.py(base_input:42)] - 正在对：('css selector', "[name='password']") 元素执行清空操作！
2020-08-11 19:47:51,161 INFO [base.py(base_input:45)] - 正在对：('css selector', "[name='password']") 元素执行输入:testpwd123 操作！
2020-08-11 19:47:53,250 INFO [base.py(base_click:55)] - 正在对：('css selector', '#inp1') 元素执行点击操作！
2020-08-11 19:47:53,250 INFO [base.py(base_find:29)] - 正在查找元素：('css selector', '#inp1')
2020-08-11 19:47:55,307 INFO [base.py(__init__:17)] - 正在初始化driver: <selenium.webdriver.chrome.webdriver.WebDriver (session="fc90c928e46b61f88d0c1ff247bd99e9")>
2020-08-11 19:47:55,309 INFO [page_mis_audit.py(page_mis_audit:55)] - 正在调用组合发布文章审核业务方法，title:test003 channel:数据库
2020-08-11 19:47:55,310 INFO [base.py(base_click:55)] - 正在对：('xpath', "//*[text()='信息管理']") 元素执行点击操作！
2020-08-11 19:47:55,310 INFO [base.py(base_find:29)] - 正在查找元素：('xpath', "//*[text()='信息管理']")
2020-08-11 19:47:57,438 INFO [base.py(base_click:55)] - 正在对：('xpath', "//*[text()='内容审核']") 元素执行点击操作！
2020-08-11 19:47:57,438 INFO [base.py(base_find:29)] - 正在查找元素：('xpath', "//*[text()='内容审核']")
2020-08-11 19:47:59,597 INFO [base.py(base_find:29)] - 正在查找元素：('css selector', "[placeholder='请输入: 文章名称']")
2020-08-11 19:47:59,629 INFO [base.py(base_input:42)] - 正在对：('css selector', "[placeholder='请输入: 文章名称']") 元素执行清空操作！
2020-08-11 19:47:59,685 INFO [base.py(base_input:45)] - 正在对：('css selector', "[placeholder='请输入: 文章名称']") 元素执行输入:test003 操作！
2020-08-11 19:48:01,814 INFO [base.py(base_find:29)] - 正在查找元素：('css selector', "[placeholder='请输入: 频道']")
2020-08-11 19:48:01,848 INFO [base.py(base_input:42)] - 正在对：('css selector', "[placeholder='请输入: 频道']") 元素执行清空操作！
2020-08-11 19:48:01,894 INFO [base.py(base_input:45)] - 正在对：('css selector', "[placeholder='请输入: 频道']") 元素执行输入:数据库 操作！
2020-08-11 19:48:03,951 INFO [base.py(base_click:55)] - 正在对：('css selector', '[placeholder=请选择状态]') 元素执行点击操作！
2020-08-11 19:48:03,951 INFO [base.py(base_find:29)] - 正在查找元素：('css selector', '[placeholder=请选择状态]')
2020-08-11 19:48:06,061 INFO [base.py(base_click:55)] - 正在对：('xpath', "//*[text()='待审核']") 元素执行点击操作！
2020-08-11 19:48:06,061 INFO [base.py(base_find:29)] - 正在查找元素：('xpath', "//*[text()='待审核']")
2020-08-11 19:48:08,204 INFO [base.py(base_click:55)] - 正在对：('css selector', '.find') 元素执行点击操作！
2020-08-11 19:48:08,204 INFO [base.py(base_find:29)] - 正在查找元素：('css selector', '.find')
2020-08-11 19:48:10,278 INFO [base.py(base_find:29)] - 正在查找元素：('css selector', '.cell>span')
2020-08-11 19:48:10,335 INFO [base.py(base_get_text:65)] - 正在对：('css selector', '.cell>span') 元素获取文本操作！，获取的文本值：1292383766060204032
2020-08-11 19:48:10,335 INFO [base.py(base_find:29)] - 正在查找元素：('css selector', '.cell>span')
2020-08-11 19:48:10,351 INFO [base.py(base_find:29)] - 正在查找元素：('css selector', '.cell>span')
2020-08-11 19:48:10,365 INFO [base.py(base_get_text:65)] - 正在对：('css selector', '.cell>span') 元素获取文本操作！，获取的文本值：1292383766060204032
2020-08-11 19:48:10,366 INFO [base.py(base_find:29)] - 正在查找元素：('css selector', '.cell>span')
2020-08-11 19:48:12,381 INFO [base.py(base_click:55)] - 正在对：('xpath', "//*[text()='通过']/..") 元素执行点击操作！
2020-08-11 19:48:12,382 INFO [base.py(base_find:29)] - 正在查找元素：('xpath', "//*[text()='通过']/..")
2020-08-11 19:48:13,511 INFO [base.py(base_click:55)] - 正在对：('css selector', '.el-button--primary') 元素执行点击操作！
2020-08-11 19:48:13,511 INFO [base.py(base_find:29)] - 正在查找元素：('css selector', '.el-button--primary')
2020-08-11 19:48:13,608 INFO [page_mis_audit.py(page_assert_audit:80)] - 正在调用组织断言业务操作方法
2020-08-11 19:48:16,608 INFO [base.py(base_click:55)] - 正在对：('css selector', '[placeholder=请选择状态]') 元素执行点击操作！
2020-08-11 19:48:16,609 INFO [base.py(base_find:29)] - 正在查找元素：('css selector', '[placeholder=请选择状态]')
2020-08-11 19:48:18,747 INFO [base.py(base_click:55)] - 正在对：('xpath', "//*[text()='审核通过']") 元素执行点击操作！
2020-08-11 19:48:18,747 INFO [base.py(base_find:29)] - 正在查找元素：('xpath', "//*[text()='审核通过']")
2020-08-11 19:48:18,821 INFO [base.py(base_click:55)] - 正在对：('css selector', '.find') 元素执行点击操作！
2020-08-11 19:48:18,821 INFO [base.py(base_find:29)] - 正在查找元素：('css selector', '.find')
2020-08-11 19:48:18,866 INFO [web_base.py(web_base_is_exist:30)] - 正在调用查找页面是否存在指定元素方法
2020-08-11 19:48:18,867 INFO [base.py(base_find:29)] - 正在查找元素：('xpath', "//*[text()='1292383766060204032']")
