2020-08-03 18:56:44,897 INFO [base.py(__init__:17)] - 正在初始化driver: <selenium.webdriver.chrome.webdriver.WebDriver (session="afb9cee33e8893d9f52f449b17313014")>
2020-08-03 18:56:44,898 INFO [base.py(base_find:29)] - 正在查找元素：('css selector', "[placeholder='请输入手机号']")
2020-08-03 18:56:44,916 INFO [base.py(base_input:42)] - 正在对：('css selector', "[placeholder='请输入手机号']") 元素执行清空操作！
2020-08-03 18:56:44,991 INFO [base.py(base_input:45)] - 正在对：('css selector', "[placeholder='请输入手机号']") 元素执行输入:13812345678 操作！
2020-08-03 18:56:46,141 INFO [base.py(base_find:29)] - 正在查找元素：('css selector', "[placeholder='验证码']")
2020-08-03 18:56:46,164 INFO [base.py(base_input:42)] - 正在对：('css selector', "[placeholder='验证码']") 元素执行清空操作！
2020-08-03 18:56:46,203 INFO [base.py(base_input:45)] - 正在对：('css selector', "[placeholder='验证码']") 元素执行输入:246810 操作！
2020-08-03 18:56:47,287 INFO [base.py(base_click:55)] - 正在对：('css selector', '.el-button--primary') 元素执行点击操作！
2020-08-03 18:56:47,287 INFO [base.py(base_find:29)] - 正在查找元素：('css selector', '.el-button--primary')
2020-08-03 18:56:49,382 INFO [base.py(__init__:17)] - 正在初始化driver: <selenium.webdriver.chrome.webdriver.WebDriver (session="afb9cee33e8893d9f52f449b17313014")>
2020-08-03 18:56:49,382 INFO [base.py(base_click:55)] - 正在对：('xpath', "//span[text()='内容管理']/..") 元素执行点击操作！
2020-08-03 18:56:49,382 INFO [base.py(base_find:29)] - 正在查找元素：('xpath', "//span[text()='内容管理']/..")
2020-08-03 18:56:51,453 INFO [base.py(base_click:55)] - 正在对：('xpath', "//*[contains(text(),'发布文章')]") 元素执行点击操作！
2020-08-03 18:56:51,454 INFO [base.py(base_find:29)] - 正在查找元素：('xpath', "//*[contains(text(),'发布文章')]")
2020-08-03 18:56:53,552 INFO [base.py(base_find:29)] - 正在查找元素：('css selector', "[placeholder='文章名称']")
2020-08-03 18:56:53,598 INFO [base.py(base_input:42)] - 正在对：('css selector', "[placeholder='文章名称']") 元素执行清空操作！
2020-08-03 18:56:53,643 INFO [base.py(base_input:45)] - 正在对：('css selector', "[placeholder='文章名称']") 元素执行输入:test002 操作！
2020-08-03 18:56:55,823 INFO [base.py(base_find:29)] - 正在查找元素：('css selector', '#publishTinymce_ifr')
2020-08-03 18:56:58,017 INFO [base.py(base_find:29)] - 正在查找元素：('css selector', '#tinymce')
2020-08-03 18:56:58,027 INFO [base.py(base_input:42)] - 正在对：('css selector', '#tinymce') 元素执行清空操作！
2020-08-03 18:56:58,054 INFO [base.py(base_input:45)] - 正在对：('css selector', '#tinymce') 元素执行输入:今天太热了 操作！
2020-08-03 18:57:02,218 INFO [base.py(base_click:55)] - 正在对：('xpath', "//*[text()='自动']") 元素执行点击操作！
2020-08-03 18:57:02,218 INFO [base.py(base_find:29)] - 正在查找元素：('xpath', "//*[text()='自动']")
2020-08-03 18:57:04,336 INFO [base.py(base_click:55)] - 正在对：('css selector', '[placeholder=请选择]') 元素执行点击操作！
2020-08-03 18:57:04,336 INFO [base.py(base_find:29)] - 正在查找元素：('css selector', '[placeholder=请选择]')
2020-08-03 18:57:06,493 INFO [base.py(base_click:55)] - 正在对：('xpath', "//*[text()='数据库']") 元素执行点击操作！
2020-08-03 18:57:06,493 INFO [base.py(base_find:29)] - 正在查找元素：('xpath', "//*[text()='数据库']")
2020-08-03 18:57:08,600 INFO [base.py(base_click:55)] - 正在对：('xpath', "//*[text()='发表']/..") 元素执行点击操作！
2020-08-03 18:57:08,600 INFO [base.py(base_find:29)] - 正在查找元素：('xpath', "//*[text()='发表']/..")
2020-08-03 18:57:08,677 INFO [base.py(base_find:29)] - 正在查找元素：('xpath', "//*[contains(text(),'新增文章成功')]")
2020-08-03 18:57:09,231 INFO [base.py(base_get_text:65)] - 正在对：('xpath', "//*[contains(text(),'新增文章成功')]") 元素获取文本操作！，获取的文本值：新增文章成功
2020-08-03 18:57:09,231 INFO [base.py(base_find:29)] - 正在查找元素：('xpath', "//*[contains(text(),'新增文章成功')]")
2020-08-03 21:23:25,067 INFO [base.py(__init__:17)] - 正在初始化driver: <selenium.webdriver.chrome.webdriver.WebDriver (session="bd4f487f01bde32d0cf67de404697efe")>
2020-08-03 21:23:25,067 INFO [base.py(base_find:29)] - 正在查找元素：('css selector', "[name='username']")
2020-08-03 21:23:25,128 INFO [base.py(base_input:42)] - 正在对：('css selector', "[name='username']") 元素执行清空操作！
2020-08-03 21:23:25,176 INFO [base.py(base_input:45)] - 正在对：('css selector', "[name='username']") 元素执行输入:testid 操作！
2020-08-03 21:23:27,265 INFO [base.py(base_find:29)] - 正在查找元素：('css selector', "[name='password']")
2020-08-03 21:23:27,310 INFO [base.py(base_input:42)] - 正在对：('css selector', "[name='password']") 元素执行清空操作！
2020-08-03 21:23:27,360 INFO [base.py(base_input:45)] - 正在对：('css selector', "[name='password']") 元素执行输入:testpwd123 操作！
2020-08-03 21:23:29,439 INFO [base.py(base_click:55)] - 正在对：('css selector', '#inp1') 元素执行点击操作！
2020-08-03 21:23:29,439 INFO [base.py(base_find:29)] - 正在查找元素：('css selector', '#inp1')
2020-08-03 21:23:31,496 INFO [base.py(__init__:17)] - 正在初始化driver: <selenium.webdriver.chrome.webdriver.WebDriver (session="bd4f487f01bde32d0cf67de404697efe")>
2020-08-03 21:29:41,951 INFO [base.py(__init__:17)] - 正在初始化driver: <selenium.webdriver.chrome.webdriver.WebDriver (session="bb5951e6e61a7795e73230b99f24ac8f")>
2020-08-03 21:29:41,951 INFO [base.py(base_find:29)] - 正在查找元素：('css selector', "[name='username']")
2020-08-03 21:29:42,025 INFO [base.py(base_input:42)] - 正在对：('css selector', "[name='username']") 元素执行清空操作！
2020-08-03 21:29:42,063 INFO [base.py(base_input:45)] - 正在对：('css selector', "[name='username']") 元素执行输入:testid 操作！
2020-08-03 21:29:44,139 INFO [base.py(base_find:29)] - 正在查找元素：('css selector', "[name='password']")
2020-08-03 21:29:44,181 INFO [base.py(base_input:42)] - 正在对：('css selector', "[name='password']") 元素执行清空操作！
2020-08-03 21:29:44,232 INFO [base.py(base_input:45)] - 正在对：('css selector', "[name='password']") 元素执行输入:testpwd123 操作！
2020-08-03 21:29:46,350 INFO [base.py(base_click:55)] - 正在对：('css selector', '#inp1') 元素执行点击操作！
2020-08-03 21:29:46,350 INFO [base.py(base_find:29)] - 正在查找元素：('css selector', '#inp1')
2020-08-03 21:29:48,442 INFO [base.py(__init__:17)] - 正在初始化driver: <selenium.webdriver.chrome.webdriver.WebDriver (session="bb5951e6e61a7795e73230b99f24ac8f")>
2020-08-03 21:30:27,655 INFO [base.py(__init__:17)] - 正在初始化driver: <selenium.webdriver.chrome.webdriver.WebDriver (session="8f4e06382f53eac89256f9715d19f96d")>
2020-08-03 21:30:27,655 INFO [base.py(base_find:29)] - 正在查找元素：('css selector', "[name='username']")
2020-08-03 21:30:27,729 INFO [base.py(base_input:42)] - 正在对：('css selector', "[name='username']") 元素执行清空操作！
2020-08-03 21:30:27,771 INFO [base.py(base_input:45)] - 正在对：('css selector', "[name='username']") 元素执行输入:testid 操作！
2020-08-03 21:30:29,851 INFO [base.py(base_find:29)] - 正在查找元素：('css selector', "[name='password']")
2020-08-03 21:30:29,879 INFO [base.py(base_input:42)] - 正在对：('css selector', "[name='password']") 元素执行清空操作！
2020-08-03 21:30:29,930 INFO [base.py(base_input:45)] - 正在对：('css selector', "[name='password']") 元素执行输入:testpwd123 操作！
2020-08-03 21:30:32,016 INFO [base.py(base_click:55)] - 正在对：('css selector', '#inp1') 元素执行点击操作！
2020-08-03 21:30:32,016 INFO [base.py(base_find:29)] - 正在查找元素：('css selector', '#inp1')
2020-08-03 21:30:34,069 INFO [base.py(__init__:17)] - 正在初始化driver: <selenium.webdriver.chrome.webdriver.WebDriver (session="8f4e06382f53eac89256f9715d19f96d")>
2020-08-03 21:34:58,614 INFO [base.py(__init__:17)] - 正在初始化driver: <selenium.webdriver.chrome.webdriver.WebDriver (session="4dcd46732fe3d9c70edca012cca9d11a")>
2020-08-03 21:34:58,614 INFO [base.py(base_find:29)] - 正在查找元素：('css selector', "[name='username']")
2020-08-03 21:34:58,634 INFO [base.py(base_input:42)] - 正在对：('css selector', "[name='username']") 元素执行清空操作！
2020-08-03 21:34:58,675 INFO [base.py(base_input:45)] - 正在对：('css selector', "[name='username']") 元素执行输入:testid 操作！
2020-08-03 21:35:00,760 INFO [base.py(base_find:29)] - 正在查找元素：('css selector', "[name='password']")
2020-08-03 21:35:00,772 INFO [base.py(base_input:42)] - 正在对：('css selector', "[name='password']") 元素执行清空操作！
2020-08-03 21:35:00,804 INFO [base.py(base_input:45)] - 正在对：('css selector', "[name='password']") 元素执行输入:testpwd123 操作！
2020-08-03 21:35:02,885 INFO [base.py(base_click:55)] - 正在对：('css selector', '#inp1') 元素执行点击操作！
2020-08-03 21:35:02,885 INFO [base.py(base_find:29)] - 正在查找元素：('css selector', '#inp1')
2020-08-03 21:35:05,011 INFO [base.py(__init__:17)] - 正在初始化driver: <selenium.webdriver.chrome.webdriver.WebDriver (session="4dcd46732fe3d9c70edca012cca9d11a")>
2020-08-03 21:35:57,494 INFO [base.py(__init__:17)] - 正在初始化driver: <selenium.webdriver.chrome.webdriver.WebDriver (session="95f76a3dd2b32c114a3b0f13dc3b2180")>
2020-08-03 21:35:57,494 INFO [base.py(base_find:29)] - 正在查找元素：('css selector', "[name='username']")
2020-08-03 21:35:57,511 INFO [base.py(base_input:42)] - 正在对：('css selector', "[name='username']") 元素执行清空操作！
2020-08-03 21:35:57,555 INFO [base.py(base_input:45)] - 正在对：('css selector', "[name='username']") 元素执行输入:testid 操作！
2020-08-03 21:35:59,627 INFO [base.py(base_find:29)] - 正在查找元素：('css selector', "[name='password']")
2020-08-03 21:35:59,665 INFO [base.py(base_input:42)] - 正在对：('css selector', "[name='password']") 元素执行清空操作！
2020-08-03 21:35:59,717 INFO [base.py(base_input:45)] - 正在对：('css selector', "[name='password']") 元素执行输入:testpwd123 操作！
2020-08-03 21:36:01,818 INFO [base.py(base_click:55)] - 正在对：('css selector', '#inp1') 元素执行点击操作！
2020-08-03 21:36:01,818 INFO [base.py(base_find:29)] - 正在查找元素：('css selector', '#inp1')
2020-08-03 21:36:03,908 INFO [base.py(__init__:17)] - 正在初始化driver: <selenium.webdriver.chrome.webdriver.WebDriver (session="95f76a3dd2b32c114a3b0f13dc3b2180")>
2020-08-03 21:36:03,909 INFO [base.py(base_click:55)] - 正在对：('xpath', "//*[text()='信息管理']") 元素执行点击操作！
2020-08-03 21:36:03,909 INFO [base.py(base_find:29)] - 正在查找元素：('xpath', "//*[text()='信息管理']")
2020-08-03 21:36:06,041 INFO [base.py(base_click:55)] - 正在对：('xpath', "//*[text()='内容审核']") 元素执行点击操作！
2020-08-03 21:36:06,041 INFO [base.py(base_find:29)] - 正在查找元素：('xpath', "//*[text()='内容审核']")
2020-08-03 21:36:08,225 INFO [base.py(base_find:29)] - 正在查找元素：('css selector', "[placeholder='请输入: 文章名称']")
2020-08-03 21:36:08,252 INFO [base.py(base_input:42)] - 正在对：('css selector', "[placeholder='请输入: 文章名称']") 元素执行清空操作！
2020-08-03 21:36:08,297 INFO [base.py(base_input:45)] - 正在对：('css selector', "[placeholder='请输入: 文章名称']") 元素执行输入:test002 操作！
2020-08-03 21:36:10,434 INFO [base.py(base_find:29)] - 正在查找元素：('css selector', "[placeholder='请输入: 频道']")
2020-08-03 21:36:10,479 INFO [base.py(base_input:42)] - 正在对：('css selector', "[placeholder='请输入: 频道']") 元素执行清空操作！
2020-08-03 21:36:10,525 INFO [base.py(base_input:45)] - 正在对：('css selector', "[placeholder='请输入: 频道']") 元素执行输入:数据库 操作！
2020-08-03 21:36:12,580 INFO [base.py(base_click:55)] - 正在对：('css selector', '[placeholder=请选择状态]') 元素执行点击操作！
2020-08-03 21:36:12,580 INFO [base.py(base_find:29)] - 正在查找元素：('css selector', '[placeholder=请选择状态]')
2020-08-03 21:36:14,697 INFO [base.py(base_click:55)] - 正在对：('xpath', "//*[text()='待审核']") 元素执行点击操作！
2020-08-03 21:36:14,697 INFO [base.py(base_find:29)] - 正在查找元素：('xpath', "//*[text()='待审核']")
2020-08-03 21:36:16,832 INFO [base.py(base_click:55)] - 正在对：('css selector', '.find') 元素执行点击操作！
2020-08-03 21:36:16,832 INFO [base.py(base_find:29)] - 正在查找元素：('css selector', '.find')
2020-08-03 21:36:18,914 INFO [base.py(base_find:29)] - 正在查找元素：('css selector', '.cell>span')
2020-08-03 21:36:18,976 INFO [base.py(base_get_text:65)] - 正在对：('css selector', '.cell>span') 元素获取文本操作！，获取的文本值：1289798592667582464
2020-08-03 21:36:18,976 INFO [base.py(base_find:29)] - 正在查找元素：('css selector', '.cell>span')
2020-08-03 21:36:20,998 INFO [base.py(base_click:55)] - 正在对：('xpath', "//*[text()='通过']/..") 元素执行点击操作！
2020-08-03 21:36:20,999 INFO [base.py(base_find:29)] - 正在查找元素：('xpath', "//*[text()='通过']/..")
2020-08-03 21:36:23,151 INFO [base.py(base_click:55)] - 正在对：('xpath', '.el-button--primary') 元素执行点击操作！
2020-08-03 21:36:23,151 INFO [base.py(base_find:29)] - 正在查找元素：('xpath', '.el-button--primary')
2020-08-03 21:39:25,544 INFO [base.py(__init__:17)] - 正在初始化driver: <selenium.webdriver.chrome.webdriver.WebDriver (session="5ca7c4ee9a959720e2715dd2cd7af21d")>
2020-08-03 21:39:25,545 INFO [base.py(base_find:29)] - 正在查找元素：('css selector', "[name='username']")
2020-08-03 21:39:25,562 INFO [base.py(base_input:42)] - 正在对：('css selector', "[name='username']") 元素执行清空操作！
2020-08-03 21:39:25,601 INFO [base.py(base_input:45)] - 正在对：('css selector', "[name='username']") 元素执行输入:testid 操作！
2020-08-03 21:39:27,682 INFO [base.py(base_find:29)] - 正在查找元素：('css selector', "[name='password']")
2020-08-03 21:39:27,719 INFO [base.py(base_input:42)] - 正在对：('css selector', "[name='password']") 元素执行清空操作！
2020-08-03 21:39:27,768 INFO [base.py(base_input:45)] - 正在对：('css selector', "[name='password']") 元素执行输入:testpwd123 操作！
2020-08-03 21:39:29,866 INFO [base.py(base_click:55)] - 正在对：('css selector', '#inp1') 元素执行点击操作！
2020-08-03 21:39:29,867 INFO [base.py(base_find:29)] - 正在查找元素：('css selector', '#inp1')
2020-08-03 21:39:31,964 INFO [base.py(__init__:17)] - 正在初始化driver: <selenium.webdriver.chrome.webdriver.WebDriver (session="5ca7c4ee9a959720e2715dd2cd7af21d")>
2020-08-03 21:39:31,965 INFO [base.py(base_click:55)] - 正在对：('xpath', "//*[text()='信息管理']") 元素执行点击操作！
2020-08-03 21:39:31,965 INFO [base.py(base_find:29)] - 正在查找元素：('xpath', "//*[text()='信息管理']")
2020-08-03 21:39:34,112 INFO [base.py(base_click:55)] - 正在对：('xpath', "//*[text()='内容审核']") 元素执行点击操作！
2020-08-03 21:39:34,112 INFO [base.py(base_find:29)] - 正在查找元素：('xpath', "//*[text()='内容审核']")
2020-08-03 21:39:36,418 INFO [base.py(base_find:29)] - 正在查找元素：('css selector', "[placeholder='请输入: 文章名称']")
2020-08-03 21:39:36,430 INFO [base.py(base_input:42)] - 正在对：('css selector', "[placeholder='请输入: 文章名称']") 元素执行清空操作！
2020-08-03 21:39:36,465 INFO [base.py(base_input:45)] - 正在对：('css selector', "[placeholder='请输入: 文章名称']") 元素执行输入:test002 操作！
2020-08-03 21:39:38,611 INFO [base.py(base_find:29)] - 正在查找元素：('css selector', "[placeholder='请输入: 频道']")
2020-08-03 21:39:38,641 INFO [base.py(base_input:42)] - 正在对：('css selector', "[placeholder='请输入: 频道']") 元素执行清空操作！
2020-08-03 21:39:38,687 INFO [base.py(base_input:45)] - 正在对：('css selector', "[placeholder='请输入: 频道']") 元素执行输入:数据库 操作！
2020-08-03 21:39:40,742 INFO [base.py(base_click:55)] - 正在对：('css selector', '[placeholder=请选择状态]') 元素执行点击操作！
2020-08-03 21:39:40,742 INFO [base.py(base_find:29)] - 正在查找元素：('css selector', '[placeholder=请选择状态]')
2020-08-03 21:39:42,874 INFO [base.py(base_click:55)] - 正在对：('xpath', "//*[text()='待审核']") 元素执行点击操作！
2020-08-03 21:39:42,875 INFO [base.py(base_find:29)] - 正在查找元素：('xpath', "//*[text()='待审核']")
2020-08-03 21:39:45,011 INFO [base.py(base_click:55)] - 正在对：('css selector', '.find') 元素执行点击操作！
2020-08-03 21:39:45,011 INFO [base.py(base_find:29)] - 正在查找元素：('css selector', '.find')
2020-08-03 21:39:47,110 INFO [base.py(base_find:29)] - 正在查找元素：('css selector', '.cell>span')
2020-08-03 21:39:47,154 INFO [base.py(base_get_text:65)] - 正在对：('css selector', '.cell>span') 元素获取文本操作！，获取的文本值：1289798592667582464
2020-08-03 21:39:47,155 INFO [base.py(base_find:29)] - 正在查找元素：('css selector', '.cell>span')
2020-08-03 21:39:49,173 INFO [base.py(base_click:55)] - 正在对：('xpath', "//*[text()='通过']/..") 元素执行点击操作！
2020-08-03 21:39:49,173 INFO [base.py(base_find:29)] - 正在查找元素：('xpath', "//*[text()='通过']/..")
2020-08-03 21:39:51,349 INFO [base.py(base_click:55)] - 正在对：('xpath', '.el-button--primary') 元素执行点击操作！
2020-08-03 21:39:51,349 INFO [base.py(base_find:29)] - 正在查找元素：('xpath', '.el-button--primary')
2020-08-03 21:50:07,482 INFO [base.py(__init__:17)] - 正在初始化driver: <selenium.webdriver.chrome.webdriver.WebDriver (session="2ee7b167d40a766a5cfd11604d52e6e7")>
2020-08-03 21:50:07,482 INFO [base.py(base_find:29)] - 正在查找元素：('css selector', "[name='username']")
2020-08-03 21:50:07,560 INFO [base.py(base_input:42)] - 正在对：('css selector', "[name='username']") 元素执行清空操作！
2020-08-03 21:50:07,603 INFO [base.py(base_input:45)] - 正在对：('css selector', "[name='username']") 元素执行输入:testid 操作！
2020-08-03 21:50:09,677 INFO [base.py(base_find:29)] - 正在查找元素：('css selector', "[name='password']")
2020-08-03 21:50:09,718 INFO [base.py(base_input:42)] - 正在对：('css selector', "[name='password']") 元素执行清空操作！
2020-08-03 21:50:09,771 INFO [base.py(base_input:45)] - 正在对：('css selector', "[name='password']") 元素执行输入:testpwd123 操作！
2020-08-03 21:50:11,846 INFO [base.py(base_click:55)] - 正在对：('css selector', '#inp1') 元素执行点击操作！
2020-08-03 21:50:11,846 INFO [base.py(base_find:29)] - 正在查找元素：('css selector', '#inp1')
2020-08-03 21:50:13,919 INFO [base.py(__init__:17)] - 正在初始化driver: <selenium.webdriver.chrome.webdriver.WebDriver (session="2ee7b167d40a766a5cfd11604d52e6e7")>
2020-08-03 21:50:13,919 INFO [base.py(base_click:55)] - 正在对：('xpath', "//*[text()='信息管理']") 元素执行点击操作！
2020-08-03 21:50:13,919 INFO [base.py(base_find:29)] - 正在查找元素：('xpath', "//*[text()='信息管理']")
2020-08-03 21:50:16,059 INFO [base.py(base_click:55)] - 正在对：('xpath', "//*[text()='内容审核']") 元素执行点击操作！
2020-08-03 21:50:16,060 INFO [base.py(base_find:29)] - 正在查找元素：('xpath', "//*[text()='内容审核']")
2020-08-03 21:50:18,278 INFO [base.py(base_find:29)] - 正在查找元素：('css selector', "[placeholder='请输入: 文章名称']")
2020-08-03 21:50:18,296 INFO [base.py(base_input:42)] - 正在对：('css selector', "[placeholder='请输入: 文章名称']") 元素执行清空操作！
2020-08-03 21:50:18,335 INFO [base.py(base_input:45)] - 正在对：('css selector', "[placeholder='请输入: 文章名称']") 元素执行输入:test002 操作！
2020-08-03 21:50:20,432 INFO [base.py(base_find:29)] - 正在查找元素：('css selector', "[placeholder='请输入: 频道']")
2020-08-03 21:50:20,476 INFO [base.py(base_input:42)] - 正在对：('css selector', "[placeholder='请输入: 频道']") 元素执行清空操作！
2020-08-03 21:50:20,528 INFO [base.py(base_input:45)] - 正在对：('css selector', "[placeholder='请输入: 频道']") 元素执行输入:数据库 操作！
2020-08-03 21:50:22,587 INFO [base.py(base_click:55)] - 正在对：('css selector', '[placeholder=请选择状态]') 元素执行点击操作！
2020-08-03 21:50:22,587 INFO [base.py(base_find:29)] - 正在查找元素：('css selector', '[placeholder=请选择状态]')
2020-08-03 21:50:24,721 INFO [base.py(base_click:55)] - 正在对：('xpath', "//*[text()='待审核']") 元素执行点击操作！
2020-08-03 21:50:24,721 INFO [base.py(base_find:29)] - 正在查找元素：('xpath', "//*[text()='待审核']")
2020-08-03 21:50:26,844 INFO [base.py(base_click:55)] - 正在对：('css selector', '.find') 元素执行点击操作！
2020-08-03 21:50:26,845 INFO [base.py(base_find:29)] - 正在查找元素：('css selector', '.find')
2020-08-03 21:50:28,944 INFO [base.py(base_find:29)] - 正在查找元素：('css selector', '.cell>span')
2020-08-03 21:50:28,999 INFO [base.py(base_get_text:65)] - 正在对：('css selector', '.cell>span') 元素获取文本操作！，获取的文本值：1289860029238738944
2020-08-03 21:50:28,999 INFO [base.py(base_find:29)] - 正在查找元素：('css selector', '.cell>span')
2020-08-03 21:50:31,017 INFO [base.py(base_click:55)] - 正在对：('xpath', "//*[text()='通过']/..") 元素执行点击操作！
2020-08-03 21:50:31,018 INFO [base.py(base_find:29)] - 正在查找元素：('xpath', "//*[text()='通过']/..")
2020-08-03 21:50:32,202 INFO [base.py(base_click:55)] - 正在对：('xpath', '.el-button--primary') 元素执行点击操作！
2020-08-03 21:50:32,202 INFO [base.py(base_find:29)] - 正在查找元素：('xpath', '.el-button--primary')
2020-08-03 21:52:00,546 INFO [base.py(__init__:17)] - 正在初始化driver: <selenium.webdriver.chrome.webdriver.WebDriver (session="a52878a58d16a208832091124b25814a")>
2020-08-03 21:52:00,546 INFO [base.py(base_find:29)] - 正在查找元素：('css selector', "[name='username']")
2020-08-03 21:52:00,564 INFO [base.py(base_input:42)] - 正在对：('css selector', "[name='username']") 元素执行清空操作！
2020-08-03 21:52:00,602 INFO [base.py(base_input:45)] - 正在对：('css selector', "[name='username']") 元素执行输入:testid 操作！
2020-08-03 21:52:02,683 INFO [base.py(base_find:29)] - 正在查找元素：('css selector', "[name='password']")
2020-08-03 21:52:02,703 INFO [base.py(base_input:42)] - 正在对：('css selector', "[name='password']") 元素执行清空操作！
2020-08-03 21:52:02,736 INFO [base.py(base_input:45)] - 正在对：('css selector', "[name='password']") 元素执行输入:testpwd123 操作！
2020-08-03 21:52:04,821 INFO [base.py(base_click:55)] - 正在对：('css selector', '#inp1') 元素执行点击操作！
2020-08-03 21:52:04,821 INFO [base.py(base_find:29)] - 正在查找元素：('css selector', '#inp1')
2020-08-03 21:52:06,899 INFO [base.py(__init__:17)] - 正在初始化driver: <selenium.webdriver.chrome.webdriver.WebDriver (session="a52878a58d16a208832091124b25814a")>
2020-08-03 21:52:06,899 INFO [base.py(base_click:55)] - 正在对：('xpath', "//*[text()='信息管理']") 元素执行点击操作！
2020-08-03 21:52:06,899 INFO [base.py(base_find:29)] - 正在查找元素：('xpath', "//*[text()='信息管理']")
2020-08-03 21:52:08,997 INFO [base.py(base_click:55)] - 正在对：('xpath', "//*[text()='内容审核']") 元素执行点击操作！
2020-08-03 21:52:08,997 INFO [base.py(base_find:29)] - 正在查找元素：('xpath', "//*[text()='内容审核']")
2020-08-03 21:52:11,141 INFO [base.py(base_find:29)] - 正在查找元素：('css selector', "[placeholder='请输入: 文章名称']")
2020-08-03 21:52:11,154 INFO [base.py(base_input:42)] - 正在对：('css selector', "[placeholder='请输入: 文章名称']") 元素执行清空操作！
2020-08-03 21:52:11,191 INFO [base.py(base_input:45)] - 正在对：('css selector', "[placeholder='请输入: 文章名称']") 元素执行输入:test002 操作！
2020-08-03 21:52:13,295 INFO [base.py(base_find:29)] - 正在查找元素：('css selector', "[placeholder='请输入: 频道']")
2020-08-03 21:52:13,338 INFO [base.py(base_input:42)] - 正在对：('css selector', "[placeholder='请输入: 频道']") 元素执行清空操作！
2020-08-03 21:52:13,387 INFO [base.py(base_input:45)] - 正在对：('css selector', "[placeholder='请输入: 频道']") 元素执行输入:数据库 操作！
2020-08-03 21:52:15,445 INFO [base.py(base_click:55)] - 正在对：('css selector', '[placeholder=请选择状态]') 元素执行点击操作！
2020-08-03 21:52:15,445 INFO [base.py(base_find:29)] - 正在查找元素：('css selector', '[placeholder=请选择状态]')
2020-08-03 21:52:17,558 INFO [base.py(base_click:55)] - 正在对：('xpath', "//*[text()='待审核']") 元素执行点击操作！
2020-08-03 21:52:17,558 INFO [base.py(base_find:29)] - 正在查找元素：('xpath', "//*[text()='待审核']")
2020-08-03 21:52:19,649 INFO [base.py(base_click:55)] - 正在对：('css selector', '.find') 元素执行点击操作！
2020-08-03 21:52:19,650 INFO [base.py(base_find:29)] - 正在查找元素：('css selector', '.find')
2020-08-03 21:52:21,740 INFO [base.py(base_find:29)] - 正在查找元素：('css selector', '.cell>span')
2020-08-03 21:52:21,800 INFO [base.py(base_get_text:65)] - 正在对：('css selector', '.cell>span') 元素获取文本操作！，获取的文本值：1289860029238738944
2020-08-03 21:52:21,800 INFO [base.py(base_find:29)] - 正在查找元素：('css selector', '.cell>span')
2020-08-03 21:52:23,818 INFO [base.py(base_click:55)] - 正在对：('xpath', "//*[text()='通过']/..") 元素执行点击操作！
2020-08-03 21:52:23,819 INFO [base.py(base_find:29)] - 正在查找元素：('xpath', "//*[text()='通过']/..")
2020-08-03 21:52:24,955 INFO [base.py(base_click:55)] - 正在对：('css selector', '.el-button--primary') 元素执行点击操作！
2020-08-03 21:52:24,956 INFO [base.py(base_find:29)] - 正在查找元素：('css selector', '.el-button--primary')
2020-08-03 22:12:29,527 INFO [base.py(__init__:17)] - 正在初始化driver: <selenium.webdriver.chrome.webdriver.WebDriver (session="b0b201dddbe7654373a22327e1211d9c")>
2020-08-03 22:12:29,527 INFO [base.py(base_find:29)] - 正在查找元素：('css selector', "[name='username']")
2020-08-03 22:12:53,825 INFO [base.py(__init__:17)] - 正在初始化driver: <selenium.webdriver.chrome.webdriver.WebDriver (session="dd205279fcddf2fe7c91d9624063958e")>
2020-08-03 22:12:53,825 INFO [base.py(base_find:29)] - 正在查找元素：('css selector', "[name='username']")
2020-08-03 22:12:53,842 INFO [base.py(base_input:42)] - 正在对：('css selector', "[name='username']") 元素执行清空操作！
2020-08-03 22:12:53,888 INFO [base.py(base_input:45)] - 正在对：('css selector', "[name='username']") 元素执行输入:testid 操作！
2020-08-03 22:12:55,970 INFO [base.py(base_find:29)] - 正在查找元素：('css selector', "[name='password']")
2020-08-03 22:12:56,007 INFO [base.py(base_input:42)] - 正在对：('css selector', "[name='password']") 元素执行清空操作！
2020-08-03 22:12:56,051 INFO [base.py(base_input:45)] - 正在对：('css selector', "[name='password']") 元素执行输入:testpwd123 操作！
2020-08-03 22:12:58,149 INFO [base.py(base_click:55)] - 正在对：('css selector', '#inp1') 元素执行点击操作！
2020-08-03 22:12:58,149 INFO [base.py(base_find:29)] - 正在查找元素：('css selector', '#inp1')
2020-08-03 22:13:00,235 INFO [base.py(__init__:17)] - 正在初始化driver: <selenium.webdriver.chrome.webdriver.WebDriver (session="dd205279fcddf2fe7c91d9624063958e")>
2020-08-03 22:13:00,235 INFO [base.py(base_click:55)] - 正在对：('xpath', "//*[text()='信息管理']") 元素执行点击操作！
2020-08-03 22:13:00,235 INFO [base.py(base_find:29)] - 正在查找元素：('xpath', "//*[text()='信息管理']")
2020-08-03 22:13:02,367 INFO [base.py(base_click:55)] - 正在对：('xpath', "//*[text()='内容审核']") 元素执行点击操作！
2020-08-03 22:13:02,367 INFO [base.py(base_find:29)] - 正在查找元素：('xpath', "//*[text()='内容审核']")
2020-08-03 22:13:04,591 INFO [base.py(base_find:29)] - 正在查找元素：('css selector', "[placeholder='请输入: 文章名称']")
2020-08-03 22:13:04,603 INFO [base.py(base_input:42)] - 正在对：('css selector', "[placeholder='请输入: 文章名称']") 元素执行清空操作！
2020-08-03 22:13:04,634 INFO [base.py(base_input:45)] - 正在对：('css selector', "[placeholder='请输入: 文章名称']") 元素执行输入:test002 操作！
2020-08-03 22:13:06,780 INFO [base.py(base_find:29)] - 正在查找元素：('css selector', "[placeholder='请输入: 频道']")
2020-08-03 22:13:06,821 INFO [base.py(base_input:42)] - 正在对：('css selector', "[placeholder='请输入: 频道']") 元素执行清空操作！
2020-08-03 22:13:06,874 INFO [base.py(base_input:45)] - 正在对：('css selector', "[placeholder='请输入: 频道']") 元素执行输入:数据库 操作！
2020-08-03 22:13:08,941 INFO [base.py(base_click:55)] - 正在对：('css selector', '[placeholder=请选择状态]') 元素执行点击操作！
2020-08-03 22:13:08,942 INFO [base.py(base_find:29)] - 正在查找元素：('css selector', '[placeholder=请选择状态]')
2020-08-03 22:13:11,083 INFO [base.py(base_click:55)] - 正在对：('xpath', "//*[text()='待审核']") 元素执行点击操作！
2020-08-03 22:13:11,084 INFO [base.py(base_find:29)] - 正在查找元素：('xpath', "//*[text()='待审核']")
2020-08-03 22:13:13,234 INFO [base.py(base_click:55)] - 正在对：('css selector', '.find') 元素执行点击操作！
2020-08-03 22:13:13,235 INFO [base.py(base_find:29)] - 正在查找元素：('css selector', '.find')
2020-08-03 22:13:15,318 INFO [base.py(base_find:29)] - 正在查找元素：('css selector', '.cell>span')
2020-08-03 22:13:15,382 INFO [base.py(base_get_text:65)] - 正在对：('css selector', '.cell>span') 元素获取文本操作！，获取的文本值：1289860029238738944
2020-08-03 22:13:15,383 INFO [base.py(base_find:29)] - 正在查找元素：('css selector', '.cell>span')
2020-08-03 22:13:17,404 INFO [base.py(base_click:55)] - 正在对：('xpath', "//*[text()='通过']/..") 元素执行点击操作！
2020-08-03 22:13:17,405 INFO [base.py(base_find:29)] - 正在查找元素：('xpath', "//*[text()='通过']/..")
2020-08-03 22:13:18,592 INFO [base.py(base_click:55)] - 正在对：('css selector', '.el-button--primary') 元素执行点击操作！
2020-08-03 22:13:18,593 INFO [base.py(base_find:29)] - 正在查找元素：('css selector', '.el-button--primary')
2020-08-03 22:13:21,706 INFO [base.py(base_click:55)] - 正在对：('css selector', '[placeholder=请选择状态]') 元素执行点击操作！
2020-08-03 22:13:21,706 INFO [base.py(base_find:29)] - 正在查找元素：('css selector', '[placeholder=请选择状态]')
2020-08-03 22:13:23,816 INFO [base.py(base_click:55)] - 正在对：('xpath', "//*[text()='审核通过']") 元素执行点击操作！
2020-08-03 22:13:23,816 INFO [base.py(base_find:29)] - 正在查找元素：('xpath', "//*[text()='审核通过']")
2020-08-03 22:13:23,899 INFO [base.py(base_click:55)] - 正在对：('css selector', '.find') 元素执行点击操作！
2020-08-03 22:13:23,899 INFO [base.py(base_find:29)] - 正在查找元素：('css selector', '.find')
2020-08-03 22:24:57,528 INFO [base.py(__init__:17)] - 正在初始化driver: <selenium.webdriver.chrome.webdriver.WebDriver (session="1df637837a3ec512b3f891acd24e752a")>
2020-08-03 22:24:57,528 INFO [base.py(base_find:29)] - 正在查找元素：('css selector', "[name='username']")
2020-08-03 22:24:57,604 INFO [base.py(base_input:42)] - 正在对：('css selector', "[name='username']") 元素执行清空操作！
2020-08-03 22:24:57,645 INFO [base.py(base_input:45)] - 正在对：('css selector', "[name='username']") 元素执行输入:testid 操作！
2020-08-03 22:24:59,727 INFO [base.py(base_find:29)] - 正在查找元素：('css selector', "[name='password']")
2020-08-03 22:24:59,749 INFO [base.py(base_input:42)] - 正在对：('css selector', "[name='password']") 元素执行清空操作！
2020-08-03 22:24:59,803 INFO [base.py(base_input:45)] - 正在对：('css selector', "[name='password']") 元素执行输入:testpwd123 操作！
2020-08-03 22:25:01,886 INFO [base.py(base_click:55)] - 正在对：('css selector', '#inp1') 元素执行点击操作！
2020-08-03 22:25:01,887 INFO [base.py(base_find:29)] - 正在查找元素：('css selector', '#inp1')
2020-08-03 22:25:03,987 INFO [base.py(__init__:17)] - 正在初始化driver: <selenium.webdriver.chrome.webdriver.WebDriver (session="1df637837a3ec512b3f891acd24e752a")>
2020-08-03 22:25:03,988 INFO [base.py(base_click:55)] - 正在对：('xpath', "//*[text()='信息管理']") 元素执行点击操作！
2020-08-03 22:25:03,988 INFO [base.py(base_find:29)] - 正在查找元素：('xpath', "//*[text()='信息管理']")
2020-08-03 22:25:06,073 INFO [base.py(base_click:55)] - 正在对：('xpath', "//*[text()='内容审核']") 元素执行点击操作！
2020-08-03 22:25:06,073 INFO [base.py(base_find:29)] - 正在查找元素：('xpath', "//*[text()='内容审核']")
2020-08-03 22:25:08,266 INFO [base.py(base_find:29)] - 正在查找元素：('css selector', "[placeholder='请输入: 文章名称']")
2020-08-03 22:25:08,306 INFO [base.py(base_input:42)] - 正在对：('css selector', "[placeholder='请输入: 文章名称']") 元素执行清空操作！
2020-08-03 22:25:08,347 INFO [base.py(base_input:45)] - 正在对：('css selector', "[placeholder='请输入: 文章名称']") 元素执行输入:test002 操作！
2020-08-03 22:25:10,472 INFO [base.py(base_find:29)] - 正在查找元素：('css selector', "[placeholder='请输入: 频道']")
2020-08-03 22:25:10,498 INFO [base.py(base_input:42)] - 正在对：('css selector', "[placeholder='请输入: 频道']") 元素执行清空操作！
2020-08-03 22:25:10,541 INFO [base.py(base_input:45)] - 正在对：('css selector', "[placeholder='请输入: 频道']") 元素执行输入:数据库 操作！
2020-08-03 22:25:12,598 INFO [base.py(base_click:55)] - 正在对：('css selector', '[placeholder=请选择状态]') 元素执行点击操作！
2020-08-03 22:25:12,599 INFO [base.py(base_find:29)] - 正在查找元素：('css selector', '[placeholder=请选择状态]')
2020-08-03 22:25:14,727 INFO [base.py(base_click:55)] - 正在对：('xpath', "//*[text()='待审核']") 元素执行点击操作！
2020-08-03 22:25:14,728 INFO [base.py(base_find:29)] - 正在查找元素：('xpath', "//*[text()='待审核']")
2020-08-03 22:25:16,857 INFO [base.py(base_click:55)] - 正在对：('css selector', '.find') 元素执行点击操作！
2020-08-03 22:25:16,857 INFO [base.py(base_find:29)] - 正在查找元素：('css selector', '.find')
2020-08-03 22:25:18,962 INFO [base.py(base_find:29)] - 正在查找元素：('css selector', '.cell>span')
2020-08-03 22:25:18,998 INFO [base.py(base_get_text:65)] - 正在对：('css selector', '.cell>span') 元素获取文本操作！，获取的文本值：1289871868903292928
2020-08-03 22:25:18,998 INFO [base.py(base_find:29)] - 正在查找元素：('css selector', '.cell>span')
2020-08-03 22:25:21,017 INFO [base.py(base_click:55)] - 正在对：('xpath', "//*[text()='通过']/..") 元素执行点击操作！
2020-08-03 22:25:21,018 INFO [base.py(base_find:29)] - 正在查找元素：('xpath', "//*[text()='通过']/..")
2020-08-03 22:25:22,132 INFO [base.py(base_click:55)] - 正在对：('css selector', '.el-button--primary') 元素执行点击操作！
2020-08-03 22:25:22,133 INFO [base.py(base_find:29)] - 正在查找元素：('css selector', '.el-button--primary')
2020-08-03 22:29:29,933 INFO [base.py(__init__:17)] - 正在初始化driver: <selenium.webdriver.chrome.webdriver.WebDriver (session="624ed2c3de50e757070dfb56e54f030c")>
2020-08-03 22:29:29,933 INFO [base.py(base_find:29)] - 正在查找元素：('css selector', "[name='username']")
2020-08-03 22:29:29,953 INFO [base.py(base_input:42)] - 正在对：('css selector', "[name='username']") 元素执行清空操作！
2020-08-03 22:29:29,998 INFO [base.py(base_input:45)] - 正在对：('css selector', "[name='username']") 元素执行输入:testid 操作！
2020-08-03 22:29:32,073 INFO [base.py(base_find:29)] - 正在查找元素：('css selector', "[name='password']")
2020-08-03 22:29:32,119 INFO [base.py(base_input:42)] - 正在对：('css selector', "[name='password']") 元素执行清空操作！
2020-08-03 22:29:32,166 INFO [base.py(base_input:45)] - 正在对：('css selector', "[name='password']") 元素执行输入:testpwd123 操作！
2020-08-03 22:29:34,262 INFO [base.py(base_click:55)] - 正在对：('css selector', '#inp1') 元素执行点击操作！
2020-08-03 22:29:34,262 INFO [base.py(base_find:29)] - 正在查找元素：('css selector', '#inp1')
2020-08-03 22:29:36,351 INFO [base.py(__init__:17)] - 正在初始化driver: <selenium.webdriver.chrome.webdriver.WebDriver (session="624ed2c3de50e757070dfb56e54f030c")>
2020-08-03 22:29:36,359 INFO [base.py(base_click:55)] - 正在对：('xpath', "//*[text()='信息管理']") 元素执行点击操作！
2020-08-03 22:29:36,360 INFO [base.py(base_find:29)] - 正在查找元素：('xpath', "//*[text()='信息管理']")
2020-08-03 22:29:38,471 INFO [base.py(base_click:55)] - 正在对：('xpath', "//*[text()='内容审核']") 元素执行点击操作！
2020-08-03 22:29:38,471 INFO [base.py(base_find:29)] - 正在查找元素：('xpath', "//*[text()='内容审核']")
2020-08-03 22:29:40,688 INFO [base.py(base_find:29)] - 正在查找元素：('css selector', "[placeholder='请输入: 文章名称']")
2020-08-03 22:29:40,730 INFO [base.py(base_input:42)] - 正在对：('css selector', "[placeholder='请输入: 文章名称']") 元素执行清空操作！
2020-08-03 22:29:40,772 INFO [base.py(base_input:45)] - 正在对：('css selector', "[placeholder='请输入: 文章名称']") 元素执行输入:test002 操作！
2020-08-03 22:29:42,909 INFO [base.py(base_find:29)] - 正在查找元素：('css selector', "[placeholder='请输入: 频道']")
2020-08-03 22:29:42,919 INFO [base.py(base_input:42)] - 正在对：('css selector', "[placeholder='请输入: 频道']") 元素执行清空操作！
2020-08-03 22:29:42,952 INFO [base.py(base_input:45)] - 正在对：('css selector', "[placeholder='请输入: 频道']") 元素执行输入:数据库 操作！
2020-08-03 22:29:45,012 INFO [base.py(base_click:55)] - 正在对：('css selector', '[placeholder=请选择状态]') 元素执行点击操作！
2020-08-03 22:29:45,012 INFO [base.py(base_find:29)] - 正在查找元素：('css selector', '[placeholder=请选择状态]')
2020-08-03 22:29:47,125 INFO [base.py(base_click:55)] - 正在对：('xpath', "//*[text()='待审核']") 元素执行点击操作！
2020-08-03 22:29:47,125 INFO [base.py(base_find:29)] - 正在查找元素：('xpath', "//*[text()='待审核']")
2020-08-03 22:29:49,235 INFO [base.py(base_click:55)] - 正在对：('css selector', '.find') 元素执行点击操作！
2020-08-03 22:29:49,235 INFO [base.py(base_find:29)] - 正在查找元素：('css selector', '.find')
2020-08-03 22:29:51,341 INFO [base.py(base_find:29)] - 正在查找元素：('css selector', '.cell>span')
2020-08-03 22:29:51,405 INFO [base.py(base_get_text:65)] - 正在对：('css selector', '.cell>span') 元素获取文本操作！，获取的文本值：1289871868903292928
2020-08-03 22:29:51,405 INFO [base.py(base_find:29)] - 正在查找元素：('css selector', '.cell>span')
2020-08-03 22:29:53,425 INFO [base.py(base_click:55)] - 正在对：('xpath', "//*[text()='通过']/..") 元素执行点击操作！
2020-08-03 22:29:53,426 INFO [base.py(base_find:29)] - 正在查找元素：('xpath', "//*[text()='通过']/..")
2020-08-03 22:29:54,597 INFO [base.py(base_click:55)] - 正在对：('css selector', '.el-button--primary') 元素执行点击操作！
2020-08-03 22:29:54,598 INFO [base.py(base_find:29)] - 正在查找元素：('css selector', '.el-button--primary')
2020-08-03 22:30:30,185 INFO [base.py(__init__:17)] - 正在初始化driver: <selenium.webdriver.chrome.webdriver.WebDriver (session="f2df09eb45e683d0a906f9d8e0ebda6f")>
2020-08-03 22:30:30,185 INFO [base.py(base_find:29)] - 正在查找元素：('css selector', "[name='username']")
2020-08-03 22:30:30,259 INFO [base.py(base_input:42)] - 正在对：('css selector', "[name='username']") 元素执行清空操作！
2020-08-03 22:30:30,299 INFO [base.py(base_input:45)] - 正在对：('css selector', "[name='username']") 元素执行输入:testid 操作！
2020-08-03 22:30:32,377 INFO [base.py(base_find:29)] - 正在查找元素：('css selector', "[name='password']")
2020-08-03 22:30:32,421 INFO [base.py(base_input:42)] - 正在对：('css selector', "[name='password']") 元素执行清空操作！
2020-08-03 22:30:32,503 INFO [base.py(base_input:45)] - 正在对：('css selector', "[name='password']") 元素执行输入:testpwd123 操作！
2020-08-03 22:30:34,640 INFO [base.py(base_click:55)] - 正在对：('css selector', '#inp1') 元素执行点击操作！
2020-08-03 22:30:34,640 INFO [base.py(base_find:29)] - 正在查找元素：('css selector', '#inp1')
2020-08-03 22:30:36,856 INFO [base.py(__init__:17)] - 正在初始化driver: <selenium.webdriver.chrome.webdriver.WebDriver (session="f2df09eb45e683d0a906f9d8e0ebda6f")>
2020-08-03 22:30:36,857 INFO [base.py(base_click:55)] - 正在对：('xpath', "//*[text()='信息管理']") 元素执行点击操作！
2020-08-03 22:30:36,857 INFO [base.py(base_find:29)] - 正在查找元素：('xpath', "//*[text()='信息管理']")
2020-08-03 22:30:38,955 INFO [base.py(base_click:55)] - 正在对：('xpath', "//*[text()='内容审核']") 元素执行点击操作！
2020-08-03 22:30:38,956 INFO [base.py(base_find:29)] - 正在查找元素：('xpath', "//*[text()='内容审核']")
2020-08-03 22:30:41,137 INFO [base.py(base_find:29)] - 正在查找元素：('css selector', "[placeholder='请输入: 文章名称']")
2020-08-03 22:30:41,166 INFO [base.py(base_input:42)] - 正在对：('css selector', "[placeholder='请输入: 文章名称']") 元素执行清空操作！
2020-08-03 22:30:41,208 INFO [base.py(base_input:45)] - 正在对：('css selector', "[placeholder='请输入: 文章名称']") 元素执行输入:test002 操作！
2020-08-03 22:30:43,331 INFO [base.py(base_find:29)] - 正在查找元素：('css selector', "[placeholder='请输入: 频道']")
2020-08-03 22:30:43,370 INFO [base.py(base_input:42)] - 正在对：('css selector', "[placeholder='请输入: 频道']") 元素执行清空操作！
2020-08-03 22:30:43,417 INFO [base.py(base_input:45)] - 正在对：('css selector', "[placeholder='请输入: 频道']") 元素执行输入:数据库 操作！
2020-08-03 22:30:45,483 INFO [base.py(base_click:55)] - 正在对：('css selector', '[placeholder=请选择状态]') 元素执行点击操作！
2020-08-03 22:30:45,484 INFO [base.py(base_find:29)] - 正在查找元素：('css selector', '[placeholder=请选择状态]')
2020-08-03 22:30:47,620 INFO [base.py(base_click:55)] - 正在对：('xpath', "//*[text()='待审核']") 元素执行点击操作！
2020-08-03 22:30:47,621 INFO [base.py(base_find:29)] - 正在查找元素：('xpath', "//*[text()='待审核']")
2020-08-03 22:30:49,745 INFO [base.py(base_click:55)] - 正在对：('css selector', '.find') 元素执行点击操作！
2020-08-03 22:30:49,745 INFO [base.py(base_find:29)] - 正在查找元素：('css selector', '.find')
2020-08-03 22:30:51,824 INFO [base.py(base_find:29)] - 正在查找元素：('css selector', '.cell>span')
2020-08-03 22:30:51,889 INFO [base.py(base_get_text:65)] - 正在对：('css selector', '.cell>span') 元素获取文本操作！，获取的文本值：1289871868903292928
2020-08-03 22:30:51,889 INFO [base.py(base_find:29)] - 正在查找元素：('css selector', '.cell>span')
2020-08-03 22:30:53,907 INFO [base.py(base_click:55)] - 正在对：('xpath', "//*[text()='通过']/..") 元素执行点击操作！
2020-08-03 22:30:53,907 INFO [base.py(base_find:29)] - 正在查找元素：('xpath', "//*[text()='通过']/..")
2020-08-03 22:30:55,053 INFO [base.py(base_click:55)] - 正在对：('css selector', '.el-button--primary') 元素执行点击操作！
2020-08-03 22:30:55,053 INFO [base.py(base_find:29)] - 正在查找元素：('css selector', '.el-button--primary')
2020-08-03 22:30:58,157 INFO [base.py(base_click:55)] - 正在对：('css selector', '[placeholder=请选择状态]') 元素执行点击操作！
2020-08-03 22:30:58,157 INFO [base.py(base_find:29)] - 正在查找元素：('css selector', '[placeholder=请选择状态]')
2020-08-03 22:31:00,230 INFO [base.py(base_click:55)] - 正在对：('xpath', "//*[text()='审核通过']") 元素执行点击操作！
2020-08-03 22:31:00,230 INFO [base.py(base_find:29)] - 正在查找元素：('xpath', "//*[text()='审核通过']")
2020-08-03 22:31:00,350 INFO [base.py(base_click:55)] - 正在对：('css selector', '.find') 元素执行点击操作！
2020-08-03 22:31:00,350 INFO [base.py(base_find:29)] - 正在查找元素：('css selector', '.find')
2020-08-03 22:32:03,737 INFO [base.py(__init__:17)] - 正在初始化driver: <selenium.webdriver.chrome.webdriver.WebDriver (session="e6e199cff840c70311d32a4213208d96")>
2020-08-03 22:32:03,737 INFO [base.py(base_find:29)] - 正在查找元素：('css selector', "[name='username']")
2020-08-03 22:32:03,794 INFO [base.py(base_input:42)] - 正在对：('css selector', "[name='username']") 元素执行清空操作！
2020-08-03 22:32:03,839 INFO [base.py(base_input:45)] - 正在对：('css selector', "[name='username']") 元素执行输入:testid 操作！
2020-08-03 22:32:05,918 INFO [base.py(base_find:29)] - 正在查找元素：('css selector', "[name='password']")
2020-08-03 22:32:05,953 INFO [base.py(base_input:42)] - 正在对：('css selector', "[name='password']") 元素执行清空操作！
2020-08-03 22:32:05,996 INFO [base.py(base_input:45)] - 正在对：('css selector', "[name='password']") 元素执行输入:testpwd123 操作！
2020-08-03 22:32:08,095 INFO [base.py(base_click:55)] - 正在对：('css selector', '#inp1') 元素执行点击操作！
2020-08-03 22:32:08,095 INFO [base.py(base_find:29)] - 正在查找元素：('css selector', '#inp1')
2020-08-03 22:32:10,186 INFO [base.py(__init__:17)] - 正在初始化driver: <selenium.webdriver.chrome.webdriver.WebDriver (session="e6e199cff840c70311d32a4213208d96")>
2020-08-03 22:32:10,189 INFO [base.py(base_click:55)] - 正在对：('xpath', "//*[text()='信息管理']") 元素执行点击操作！
2020-08-03 22:32:10,189 INFO [base.py(base_find:29)] - 正在查找元素：('xpath', "//*[text()='信息管理']")
2020-08-03 22:32:12,298 INFO [base.py(base_click:55)] - 正在对：('xpath', "//*[text()='内容审核']") 元素执行点击操作！
2020-08-03 22:32:12,298 INFO [base.py(base_find:29)] - 正在查找元素：('xpath', "//*[text()='内容审核']")
2020-08-03 22:32:14,511 INFO [base.py(base_find:29)] - 正在查找元素：('css selector', "[placeholder='请输入: 文章名称']")
2020-08-03 22:32:14,522 INFO [base.py(base_input:42)] - 正在对：('css selector', "[placeholder='请输入: 文章名称']") 元素执行清空操作！
2020-08-03 22:32:14,557 INFO [base.py(base_input:45)] - 正在对：('css selector', "[placeholder='请输入: 文章名称']") 元素执行输入:test002 操作！
2020-08-03 22:32:16,692 INFO [base.py(base_find:29)] - 正在查找元素：('css selector', "[placeholder='请输入: 频道']")
2020-08-03 22:32:16,727 INFO [base.py(base_input:42)] - 正在对：('css selector', "[placeholder='请输入: 频道']") 元素执行清空操作！
2020-08-03 22:32:16,774 INFO [base.py(base_input:45)] - 正在对：('css selector', "[placeholder='请输入: 频道']") 元素执行输入:数据库 操作！
2020-08-03 22:32:18,835 INFO [base.py(base_click:55)] - 正在对：('css selector', '[placeholder=请选择状态]') 元素执行点击操作！
2020-08-03 22:32:18,836 INFO [base.py(base_find:29)] - 正在查找元素：('css selector', '[placeholder=请选择状态]')
2020-08-03 22:32:20,984 INFO [base.py(base_click:55)] - 正在对：('xpath', "//*[text()='待审核']") 元素执行点击操作！
2020-08-03 22:32:20,984 INFO [base.py(base_find:29)] - 正在查找元素：('xpath', "//*[text()='待审核']")
2020-08-03 22:32:23,116 INFO [base.py(base_click:55)] - 正在对：('css selector', '.find') 元素执行点击操作！
2020-08-03 22:32:23,116 INFO [base.py(base_find:29)] - 正在查找元素：('css selector', '.find')
2020-08-03 22:32:25,195 INFO [base.py(base_find:29)] - 正在查找元素：('css selector', '.cell>span')
2020-08-03 22:32:25,252 INFO [base.py(base_get_text:65)] - 正在对：('css selector', '.cell>span') 元素获取文本操作！，获取的文本值：1289872910483193856
2020-08-03 22:32:25,252 INFO [base.py(base_find:29)] - 正在查找元素：('css selector', '.cell>span')
2020-08-03 22:32:27,272 INFO [base.py(base_click:55)] - 正在对：('xpath', "//*[text()='通过']/..") 元素执行点击操作！
2020-08-03 22:32:27,272 INFO [base.py(base_find:29)] - 正在查找元素：('xpath', "//*[text()='通过']/..")
2020-08-03 22:32:28,416 INFO [base.py(base_click:55)] - 正在对：('css selector', '.el-button--primary') 元素执行点击操作！
2020-08-03 22:32:28,417 INFO [base.py(base_find:29)] - 正在查找元素：('css selector', '.el-button--primary')
