2020-08-02 10:44:36,792 INFO [base.py(__init__:17)] - 正在初始化driver: <selenium.webdriver.chrome.webdriver.WebDriver (session="69e7bfa12f2ef8933f87c3d4703aab62")>
2020-08-02 10:44:36,794 INFO [base.py(base_find:29)] - 正在查找元素：('css selector', "[placeholder='请输入手机号']")
2020-08-02 10:44:36,814 INFO [base.py(base_input:42)] - 正在对：('css selector', "[placeholder='请输入手机号']") 元素执行清空操作！
2020-08-02 10:44:36,907 INFO [base.py(base_input:45)] - 正在对：('css selector', "[placeholder='请输入手机号']") 元素执行输入:13812345678 操作！
2020-08-02 10:44:38,081 INFO [base.py(base_find:29)] - 正在查找元素：('css selector', "[placeholder='验证码']")
2020-08-02 10:44:38,094 INFO [base.py(base_input:42)] - 正在对：('css selector', "[placeholder='验证码']") 元素执行清空操作！
2020-08-02 10:44:38,132 INFO [base.py(base_input:45)] - 正在对：('css selector', "[placeholder='验证码']") 元素执行输入:246810 操作！
2020-08-02 10:44:39,219 INFO [base.py(base_click:55)] - 正在对：('css selector', '.el-button--primary') 元素执行点击操作！
2020-08-02 10:44:39,219 INFO [base.py(base_find:29)] - 正在查找元素：('css selector', '.el-button--primary')
2020-08-02 10:44:42,276 INFO [base.py(base_find:29)] - 正在查找元素：('css selector', '.user-name')
2020-08-02 10:44:42,312 INFO [base.py(base_get_text:65)] - 正在对：('css selector', '.user-name') 元素获取文本操作！，获取的文本值：131
2020-08-02 10:44:42,313 INFO [base.py(base_find:29)] - 正在查找元素：('css selector', '.user-name')
2020-08-02 10:44:42,332 ERROR [base.py(base_get_img:70)] - 断言出错，正在执行截图操作！
2020-08-02 10:44:42,668 ERROR [base.py(base_get_img:74)] - 断言出错，正在将错误图片写入allure报告！
2020-08-02 10:50:26,617 INFO [base.py(__init__:17)] - 正在初始化driver: <selenium.webdriver.chrome.webdriver.WebDriver (session="1d1843cc0a928254408c06a962ffafde")>
2020-08-02 10:50:26,619 INFO [base.py(base_find:29)] - 正在查找元素：('css selector', "[placeholder='请输入手机号']")
2020-08-02 10:50:26,652 INFO [base.py(base_input:42)] - 正在对：('css selector', "[placeholder='请输入手机号']") 元素执行清空操作！
2020-08-02 10:50:26,724 INFO [base.py(base_input:45)] - 正在对：('css selector', "[placeholder='请输入手机号']") 元素执行输入:13812345678 操作！
2020-08-02 10:50:27,875 INFO [base.py(base_find:29)] - 正在查找元素：('css selector', "[placeholder='验证码']")
2020-08-02 10:50:27,916 INFO [base.py(base_input:42)] - 正在对：('css selector', "[placeholder='验证码']") 元素执行清空操作！
2020-08-02 10:50:27,981 INFO [base.py(base_input:45)] - 正在对：('css selector', "[placeholder='验证码']") 元素执行输入:246810 操作！
2020-08-02 10:50:29,062 INFO [base.py(base_click:55)] - 正在对：('css selector', '.el-button--primary') 元素执行点击操作！
2020-08-02 10:50:29,064 INFO [base.py(base_find:29)] - 正在查找元素：('css selector', '.el-button--primary')
2020-08-02 10:50:32,180 INFO [base.py(base_find:29)] - 正在查找元素：('css selector', '.user-name')
2020-08-02 10:50:32,204 INFO [base.py(base_get_text:65)] - 正在对：('css selector', '.user-name') 元素获取文本操作！，获取的文本值：131
2020-08-02 10:50:32,204 INFO [base.py(base_find:29)] - 正在查找元素：('css selector', '.user-name')
2020-08-02 10:50:32,220 ERROR [base.py(base_get_img:70)] - 断言出错，正在执行截图操作！
2020-08-02 10:50:32,566 ERROR [base.py(base_get_img:74)] - 断言出错，正在将错误图片写入allure报告！
2020-08-02 10:51:42,762 INFO [get_log.py(<module>:49)] - 测试信息级别日志
2020-08-02 10:51:42,762 ERROR [get_log.py(<module>:50)] - 测试错误级别
2020-08-02 11:03:04,190 INFO [base.py(__init__:17)] - 正在初始化driver: <selenium.webdriver.chrome.webdriver.WebDriver (session="610a5d96a4d5587262278176f607aeac")>
2020-08-02 11:03:04,190 INFO [base.py(base_find:29)] - 正在查找元素：('css selector', "[placeholder='请输入手机号']")
2020-08-02 11:03:04,206 INFO [base.py(base_input:42)] - 正在对：('css selector', "[placeholder='请输入手机号']") 元素执行清空操作！
2020-08-02 11:03:04,270 INFO [base.py(base_input:45)] - 正在对：('css selector', "[placeholder='请输入手机号']") 元素执行输入:13812345678 操作！
2020-08-02 11:03:05,396 INFO [base.py(base_find:29)] - 正在查找元素：('css selector', "[placeholder='验证码']")
2020-08-02 11:03:05,426 INFO [base.py(base_input:42)] - 正在对：('css selector', "[placeholder='验证码']") 元素执行清空操作！
2020-08-02 11:03:05,478 INFO [base.py(base_input:45)] - 正在对：('css selector', "[placeholder='验证码']") 元素执行输入:246810 操作！
2020-08-02 11:03:06,559 INFO [base.py(base_click:55)] - 正在对：('css selector', '.el-button--primary') 元素执行点击操作！
2020-08-02 11:03:06,559 INFO [base.py(base_find:29)] - 正在查找元素：('css selector', '.el-button--primary')
2020-08-02 11:16:33,333 INFO [base.py(__init__:17)] - 正在初始化driver: <selenium.webdriver.chrome.webdriver.WebDriver (session="e959ad6f55c6aef245757fc97d757dec")>
2020-08-02 11:16:33,334 INFO [base.py(base_find:29)] - 正在查找元素：('css selector', "[placeholder='请输入手机号']")
2020-08-02 11:16:33,363 INFO [base.py(base_input:42)] - 正在对：('css selector', "[placeholder='请输入手机号']") 元素执行清空操作！
2020-08-02 11:16:33,433 INFO [base.py(base_input:45)] - 正在对：('css selector', "[placeholder='请输入手机号']") 元素执行输入:13812345678 操作！
2020-08-02 11:16:34,595 INFO [base.py(base_find:29)] - 正在查找元素：('css selector', "[placeholder='验证码']")
2020-08-02 11:16:34,606 INFO [base.py(base_input:42)] - 正在对：('css selector', "[placeholder='验证码']") 元素执行清空操作！
2020-08-02 11:16:34,638 INFO [base.py(base_input:45)] - 正在对：('css selector', "[placeholder='验证码']") 元素执行输入:246810 操作！
2020-08-02 11:16:35,741 INFO [base.py(base_click:55)] - 正在对：('css selector', '.el-button--primary') 元素执行点击操作！
2020-08-02 11:16:35,745 INFO [base.py(base_find:29)] - 正在查找元素：('css selector', '.el-button--primary')
2020-08-02 11:17:42,004 INFO [base.py(__init__:17)] - 正在初始化driver: <selenium.webdriver.chrome.webdriver.WebDriver (session="15b9ed4a2458679c22c8231a56fd27af")>
2020-08-02 11:17:42,004 INFO [base.py(base_find:29)] - 正在查找元素：('css selector', "[placeholder='请输入手机号']")
2020-08-02 11:17:42,017 INFO [base.py(base_input:42)] - 正在对：('css selector', "[placeholder='请输入手机号']") 元素执行清空操作！
2020-08-02 11:17:42,054 INFO [base.py(base_input:45)] - 正在对：('css selector', "[placeholder='请输入手机号']") 元素执行输入:13812345678 操作！
2020-08-02 11:17:43,157 INFO [base.py(base_find:29)] - 正在查找元素：('css selector', "[placeholder='验证码']")
2020-08-02 11:17:43,202 INFO [base.py(base_input:42)] - 正在对：('css selector', "[placeholder='验证码']") 元素执行清空操作！
2020-08-02 11:17:43,262 INFO [base.py(base_input:45)] - 正在对：('css selector', "[placeholder='验证码']") 元素执行输入:246810 操作！
2020-08-02 11:17:44,338 INFO [base.py(base_click:55)] - 正在对：('css selector', '.el-button--primary') 元素执行点击操作！
2020-08-02 11:17:44,338 INFO [base.py(base_find:29)] - 正在查找元素：('css selector', '.el-button--primary')
2020-08-02 11:17:50,512 INFO [base.py(__init__:17)] - 正在初始化driver: <selenium.webdriver.chrome.webdriver.WebDriver (session="15b9ed4a2458679c22c8231a56fd27af")>
2020-08-02 11:17:50,514 INFO [base.py(base_click:55)] - 正在对：('xpath', "//span[text()='内容管理']/..") 元素执行点击操作！
2020-08-02 11:17:50,514 INFO [base.py(base_find:29)] - 正在查找元素：('xpath', "//span[text()='内容管理']/..")
2020-08-02 11:17:52,592 INFO [base.py(base_click:55)] - 正在对：('xpath', "//*[contains(text(),'发布文章')]") 元素执行点击操作！
2020-08-02 11:17:52,593 INFO [base.py(base_find:29)] - 正在查找元素：('xpath', "//*[contains(text(),'发布文章')]")
2020-08-02 11:17:54,746 INFO [base.py(base_find:29)] - 正在查找元素：('css selector', "[placeholder='文章名称']")
2020-08-02 11:17:54,770 INFO [base.py(base_input:42)] - 正在对：('css selector', "[placeholder='文章名称']") 元素执行清空操作！
2020-08-02 11:17:54,808 INFO [base.py(base_input:45)] - 正在对：('css selector', "[placeholder='文章名称']") 元素执行输入:test002 操作！
2020-08-02 11:17:56,963 INFO [base.py(base_find:29)] - 正在查找元素：('css selector', '#publishTinymce_ifr')
2020-08-02 11:17:59,036 INFO [base.py(base_find:29)] - 正在查找元素：('css selector', '#tinymce')
2020-08-02 11:17:59,072 INFO [base.py(base_input:42)] - 正在对：('css selector', '#tinymce') 元素执行清空操作！
2020-08-02 11:17:59,108 INFO [base.py(base_input:45)] - 正在对：('css selector', '#tinymce') 元素执行输入:今天太热了 操作！
2020-08-02 11:18:03,254 INFO [base.py(base_click:55)] - 正在对：('xpath', "//*[text()='自动']") 元素执行点击操作！
2020-08-02 11:18:03,254 INFO [base.py(base_find:29)] - 正在查找元素：('xpath', "//*[text()='自动']")
2020-08-02 11:18:05,368 INFO [base.py(base_click:55)] - 正在对：('css selector', '[placeholder=请选择]') 元素执行点击操作！
2020-08-02 11:18:05,369 INFO [base.py(base_find:29)] - 正在查找元素：('css selector', '[placeholder=请选择]')
2020-08-02 11:18:07,527 INFO [base.py(base_click:55)] - 正在对：('xpath', "//*[text()='数据库']") 元素执行点击操作！
2020-08-02 11:18:07,527 INFO [base.py(base_find:29)] - 正在查找元素：('xpath', "//*[text()='数据库']")
2020-08-02 11:18:09,606 INFO [base.py(base_click:55)] - 正在对：('xpath', "//*[text()='发表']/..") 元素执行点击操作！
2020-08-02 11:18:09,606 INFO [base.py(base_find:29)] - 正在查找元素：('xpath', "//*[text()='发表']/..")
2020-08-02 11:18:09,696 INFO [base.py(base_find:29)] - 正在查找元素：('xpath', "//*[contains(text(),'新增文章成功')]")
2020-08-02 11:18:10,241 INFO [base.py(base_get_text:65)] - 正在对：('xpath', "//*[contains(text(),'新增文章成功')]") 元素获取文本操作！，获取的文本值：新增文章成功
2020-08-02 11:18:10,241 INFO [base.py(base_find:29)] - 正在查找元素：('xpath', "//*[contains(text(),'新增文章成功')]")
2020-08-02 13:35:19,881 INFO [base.py(__init__:17)] - 正在初始化driver: <selenium.webdriver.chrome.webdriver.WebDriver (session="08b14fcb1cc5c26d6ec1f1a0988dd2a2")>
2020-08-02 13:35:19,881 INFO [base.py(base_find:29)] - 正在查找元素：('css selector', "[placeholder='请输入手机号']")
2020-08-02 13:35:19,905 INFO [base.py(base_input:42)] - 正在对：('css selector', "[placeholder='请输入手机号']") 元素执行清空操作！
2020-08-02 13:35:19,967 INFO [base.py(base_input:45)] - 正在对：('css selector', "[placeholder='请输入手机号']") 元素执行输入:13812345678 操作！
2020-08-02 13:35:21,148 INFO [base.py(base_find:29)] - 正在查找元素：('css selector', "[placeholder='验证码']")
2020-08-02 13:35:21,180 INFO [base.py(base_input:42)] - 正在对：('css selector', "[placeholder='验证码']") 元素执行清空操作！
2020-08-02 13:35:21,239 INFO [base.py(base_input:45)] - 正在对：('css selector', "[placeholder='验证码']") 元素执行输入:246810 操作！
2020-08-02 13:35:22,379 INFO [base.py(base_click:55)] - 正在对：('css selector', '.el-button--primary') 元素执行点击操作！
2020-08-02 13:35:22,381 INFO [base.py(base_find:29)] - 正在查找元素：('css selector', '.el-button--primary')
2020-08-02 13:35:24,491 INFO [base.py(__init__:17)] - 正在初始化driver: <selenium.webdriver.chrome.webdriver.WebDriver (session="08b14fcb1cc5c26d6ec1f1a0988dd2a2")>
2020-08-02 13:35:24,499 INFO [base.py(base_click:55)] - 正在对：('xpath', "//span[text()='内容管理']/..") 元素执行点击操作！
2020-08-02 13:35:24,499 INFO [base.py(base_find:29)] - 正在查找元素：('xpath', "//span[text()='内容管理']/..")
2020-08-02 13:35:26,669 INFO [base.py(base_click:55)] - 正在对：('xpath', "//*[contains(text(),'发布文章')]") 元素执行点击操作！
2020-08-02 13:35:26,670 INFO [base.py(base_find:29)] - 正在查找元素：('xpath', "//*[contains(text(),'发布文章')]")
2020-08-02 13:35:28,888 INFO [base.py(base_find:29)] - 正在查找元素：('css selector', "[placeholder='文章名称']")
2020-08-02 13:35:28,955 INFO [base.py(base_input:42)] - 正在对：('css selector', "[placeholder='文章名称']") 元素执行清空操作！
2020-08-02 13:35:29,024 INFO [base.py(base_input:45)] - 正在对：('css selector', "[placeholder='文章名称']") 元素执行输入:test002 操作！
2020-08-02 13:35:31,180 INFO [base.py(base_find:29)] - 正在查找元素：('css selector', '#publishTinymce_ifr')
2020-08-02 13:35:33,229 INFO [base.py(base_find:29)] - 正在查找元素：('css selector', '#tinymce')
2020-08-02 13:35:33,259 INFO [base.py(base_input:42)] - 正在对：('css selector', '#tinymce') 元素执行清空操作！
2020-08-02 13:35:33,319 INFO [base.py(base_input:45)] - 正在对：('css selector', '#tinymce') 元素执行输入:今天太热了 操作！
2020-08-02 13:35:37,551 INFO [base.py(base_click:55)] - 正在对：('xpath', "//*[text()='自动']") 元素执行点击操作！
2020-08-02 13:35:37,551 INFO [base.py(base_find:29)] - 正在查找元素：('xpath', "//*[text()='自动']")
2020-08-02 13:35:39,760 INFO [base.py(base_click:55)] - 正在对：('css selector', '[placeholder=请选择]') 元素执行点击操作！
2020-08-02 13:35:39,761 INFO [base.py(base_find:29)] - 正在查找元素：('css selector', '[placeholder=请选择]')
2020-08-02 13:35:42,050 INFO [base.py(base_click:55)] - 正在对：('xpath', "//*[text()='数据库']") 元素执行点击操作！
2020-08-02 13:35:42,051 INFO [base.py(base_find:29)] - 正在查找元素：('xpath', "//*[text()='数据库']")
2020-08-02 13:35:44,253 INFO [base.py(base_click:55)] - 正在对：('xpath', "//*[text()='发表']/..") 元素执行点击操作！
2020-08-02 13:35:44,253 INFO [base.py(base_find:29)] - 正在查找元素：('xpath', "//*[text()='发表']/..")
2020-08-02 13:35:44,424 INFO [base.py(base_find:29)] - 正在查找元素：('xpath', "//*[contains(text(),'新增文章成功')]")
2020-08-02 13:35:44,980 INFO [base.py(base_get_text:65)] - 正在对：('xpath', "//*[contains(text(),'新增文章成功')]") 元素获取文本操作！，获取的文本值：新增文章成功
2020-08-02 13:35:44,980 INFO [base.py(base_find:29)] - 正在查找元素：('xpath', "//*[contains(text(),'新增文章成功')]")
2020-08-02 17:39:28,146 INFO [base.py(__init__:17)] - 正在初始化driver: <selenium.webdriver.chrome.webdriver.WebDriver (session="cfb697312046b05478fe41acba2c6631")>
2020-08-02 17:39:28,146 INFO [base.py(base_find:29)] - 正在查找元素：('css selector', "[placeholder='请输入手机号']")
2020-08-02 17:39:28,197 INFO [base.py(base_input:42)] - 正在对：('css selector', "[placeholder='请输入手机号']") 元素执行清空操作！
2020-08-02 17:39:28,274 INFO [base.py(base_input:45)] - 正在对：('css selector', "[placeholder='请输入手机号']") 元素执行输入:13812345678 操作！
2020-08-02 17:39:29,439 INFO [base.py(base_find:29)] - 正在查找元素：('css selector', "[placeholder='验证码']")
2020-08-02 17:39:29,471 INFO [base.py(base_input:42)] - 正在对：('css selector', "[placeholder='验证码']") 元素执行清空操作！
2020-08-02 17:39:29,600 INFO [base.py(base_input:45)] - 正在对：('css selector', "[placeholder='验证码']") 元素执行输入:246810 操作！
2020-08-02 17:39:30,892 INFO [base.py(base_click:55)] - 正在对：('css selector', '.el-button--primary') 元素执行点击操作！
2020-08-02 17:39:30,892 INFO [base.py(base_find:29)] - 正在查找元素：('css selector', '.el-button--primary')
2020-08-02 17:39:33,000 INFO [base.py(__init__:17)] - 正在初始化driver: <selenium.webdriver.chrome.webdriver.WebDriver (session="cfb697312046b05478fe41acba2c6631")>
2020-08-02 17:39:33,002 INFO [base.py(base_click:55)] - 正在对：('xpath', "//span[text()='内容管理']/..") 元素执行点击操作！
2020-08-02 17:39:33,002 INFO [base.py(base_find:29)] - 正在查找元素：('xpath', "//span[text()='内容管理']/..")
2020-08-02 17:39:35,078 INFO [base.py(base_click:55)] - 正在对：('xpath', "//*[contains(text(),'发布文章')]") 元素执行点击操作！
2020-08-02 17:39:35,078 INFO [base.py(base_find:29)] - 正在查找元素：('xpath', "//*[contains(text(),'发布文章')]")
2020-08-02 17:39:37,163 INFO [base.py(base_find:29)] - 正在查找元素：('css selector', "[placeholder='文章名称']")
2020-08-02 17:39:37,215 INFO [base.py(base_input:42)] - 正在对：('css selector', "[placeholder='文章名称']") 元素执行清空操作！
2020-08-02 17:39:37,256 INFO [base.py(base_input:45)] - 正在对：('css selector', "[placeholder='文章名称']") 元素执行输入:test002 操作！
2020-08-02 17:39:39,421 INFO [base.py(base_find:29)] - 正在查找元素：('css selector', '#publishTinymce_ifr')
2020-08-02 17:39:41,492 INFO [base.py(base_find:29)] - 正在查找元素：('css selector', '#tinymce')
2020-08-02 17:39:41,525 INFO [base.py(base_input:42)] - 正在对：('css selector', '#tinymce') 元素执行清空操作！
2020-08-02 17:39:41,564 INFO [base.py(base_input:45)] - 正在对：('css selector', '#tinymce') 元素执行输入:今天太热了 操作！
2020-08-02 17:39:45,709 INFO [base.py(base_click:55)] - 正在对：('xpath', "//*[text()='自动']") 元素执行点击操作！
2020-08-02 17:39:45,709 INFO [base.py(base_find:29)] - 正在查找元素：('xpath', "//*[text()='自动']")
2020-08-02 17:39:47,831 INFO [base.py(base_click:55)] - 正在对：('css selector', '[placeholder=请选择]') 元素执行点击操作！
2020-08-02 17:39:47,831 INFO [base.py(base_find:29)] - 正在查找元素：('css selector', '[placeholder=请选择]')
2020-08-02 17:39:49,986 INFO [base.py(base_click:55)] - 正在对：('xpath', "//*[text()='数据库']") 元素执行点击操作！
2020-08-02 17:39:49,986 INFO [base.py(base_find:29)] - 正在查找元素：('xpath', "//*[text()='数据库']")
2020-08-02 17:39:52,083 INFO [base.py(base_click:55)] - 正在对：('xpath', "//*[text()='发表']/..") 元素执行点击操作！
2020-08-02 17:39:52,083 INFO [base.py(base_find:29)] - 正在查找元素：('xpath', "//*[text()='发表']/..")
2020-08-02 17:39:52,159 INFO [base.py(base_find:29)] - 正在查找元素：('xpath', "//*[contains(text(),'新增文章成功')]")
2020-08-02 17:39:52,706 INFO [base.py(base_get_text:65)] - 正在对：('xpath', "//*[contains(text(),'新增文章成功')]") 元素获取文本操作！，获取的文本值：新增文章成功
2020-08-02 17:39:52,707 INFO [base.py(base_find:29)] - 正在查找元素：('xpath', "//*[contains(text(),'新增文章成功')]")
2020-08-02 18:26:31,156 INFO [base.py(__init__:17)] - 正在初始化driver: <selenium.webdriver.chrome.webdriver.WebDriver (session="c71946cab3fee2f13d53f1af448b2dd3")>
2020-08-02 18:26:31,156 INFO [base.py(base_find:29)] - 正在查找元素：('css selector', "[placeholder='请输入手机号']")
2020-08-02 18:26:31,174 INFO [base.py(base_input:42)] - 正在对：('css selector', "[placeholder='请输入手机号']") 元素执行清空操作！
2020-08-02 18:26:31,214 INFO [base.py(base_input:45)] - 正在对：('css selector', "[placeholder='请输入手机号']") 元素执行输入:13812345678 操作！
2020-08-02 18:26:32,401 INFO [base.py(base_find:29)] - 正在查找元素：('css selector', "[placeholder='验证码']")
2020-08-02 18:26:32,411 INFO [base.py(base_input:42)] - 正在对：('css selector', "[placeholder='验证码']") 元素执行清空操作！
2020-08-02 18:26:32,443 INFO [base.py(base_input:45)] - 正在对：('css selector', "[placeholder='验证码']") 元素执行输入:246810 操作！
2020-08-02 18:26:33,524 INFO [base.py(base_click:55)] - 正在对：('css selector', '.el-button--primary') 元素执行点击操作！
2020-08-02 18:26:33,524 INFO [base.py(base_find:29)] - 正在查找元素：('css selector', '.el-button--primary')
2020-08-02 18:26:35,636 INFO [base.py(__init__:17)] - 正在初始化driver: <selenium.webdriver.chrome.webdriver.WebDriver (session="c71946cab3fee2f13d53f1af448b2dd3")>
2020-08-02 18:26:35,640 INFO [base.py(base_click:55)] - 正在对：('xpath', "//span[text()='内容管理']/..") 元素执行点击操作！
2020-08-02 18:26:35,640 INFO [base.py(base_find:29)] - 正在查找元素：('xpath', "//span[text()='内容管理']/..")
2020-08-02 18:26:37,736 INFO [base.py(base_click:55)] - 正在对：('xpath', "//*[contains(text(),'发布文章')]") 元素执行点击操作！
2020-08-02 18:26:37,737 INFO [base.py(base_find:29)] - 正在查找元素：('xpath', "//*[contains(text(),'发布文章')]")
2020-08-02 18:26:39,893 INFO [base.py(base_find:29)] - 正在查找元素：('css selector', "[placeholder='文章名称']")
2020-08-02 18:26:39,930 INFO [base.py(base_input:42)] - 正在对：('css selector', "[placeholder='文章名称']") 元素执行清空操作！
2020-08-02 18:26:39,996 INFO [base.py(base_input:45)] - 正在对：('css selector', "[placeholder='文章名称']") 元素执行输入:test002 操作！
2020-08-02 18:26:42,188 INFO [base.py(base_find:29)] - 正在查找元素：('css selector', '#publishTinymce_ifr')
2020-08-02 18:26:44,222 INFO [base.py(base_find:29)] - 正在查找元素：('css selector', '#tinymce')
2020-08-02 18:26:44,250 INFO [base.py(base_input:42)] - 正在对：('css selector', '#tinymce') 元素执行清空操作！
2020-08-02 18:26:44,282 INFO [base.py(base_input:45)] - 正在对：('css selector', '#tinymce') 元素执行输入:今天太热了 操作！
2020-08-02 18:26:48,419 INFO [base.py(base_click:55)] - 正在对：('xpath', "//*[text()='自动']") 元素执行点击操作！
2020-08-02 18:26:48,420 INFO [base.py(base_find:29)] - 正在查找元素：('xpath', "//*[text()='自动']")
2020-08-02 18:26:50,529 INFO [base.py(base_click:55)] - 正在对：('css selector', '[placeholder=请选择]') 元素执行点击操作！
2020-08-02 18:26:50,530 INFO [base.py(base_find:29)] - 正在查找元素：('css selector', '[placeholder=请选择]')
2020-08-02 18:26:52,713 INFO [base.py(base_click:55)] - 正在对：('xpath', "//*[text()='数据库']") 元素执行点击操作！
2020-08-02 18:26:52,713 INFO [base.py(base_find:29)] - 正在查找元素：('xpath', "//*[text()='数据库']")
2020-08-02 18:26:54,809 INFO [base.py(base_click:55)] - 正在对：('xpath', "//*[text()='发表']/..") 元素执行点击操作！
2020-08-02 18:26:54,809 INFO [base.py(base_find:29)] - 正在查找元素：('xpath', "//*[text()='发表']/..")
2020-08-02 18:26:54,901 INFO [base.py(base_find:29)] - 正在查找元素：('xpath', "//*[contains(text(),'新增文章成功')]")
2020-08-02 18:26:55,460 INFO [base.py(base_get_text:65)] - 正在对：('xpath', "//*[contains(text(),'新增文章成功')]") 元素获取文本操作！，获取的文本值：新增文章成功
2020-08-02 18:26:55,461 INFO [base.py(base_find:29)] - 正在查找元素：('xpath', "//*[contains(text(),'新增文章成功')]")
2020-08-02 18:30:27,888 INFO [base.py(__init__:17)] - 正在初始化driver: <selenium.webdriver.chrome.webdriver.WebDriver (session="7a06533a4ba1a8f8e945f5364c12a23f")>
2020-08-02 18:30:27,889 INFO [base.py(base_find:29)] - 正在查找元素：('css selector', "[placeholder='请输入手机号']")
2020-08-02 18:30:27,915 INFO [base.py(base_input:42)] - 正在对：('css selector', "[placeholder='请输入手机号']") 元素执行清空操作！
2020-08-02 18:30:27,989 INFO [base.py(base_input:45)] - 正在对：('css selector', "[placeholder='请输入手机号']") 元素执行输入:13812345678 操作！
2020-08-02 18:30:29,155 INFO [base.py(base_find:29)] - 正在查找元素：('css selector', "[placeholder='验证码']")
2020-08-02 18:30:29,195 INFO [base.py(base_input:42)] - 正在对：('css selector', "[placeholder='验证码']") 元素执行清空操作！
2020-08-02 18:30:29,239 INFO [base.py(base_input:45)] - 正在对：('css selector', "[placeholder='验证码']") 元素执行输入:246810 操作！
2020-08-02 18:30:30,319 INFO [base.py(base_click:55)] - 正在对：('css selector', '.el-button--primary') 元素执行点击操作！
2020-08-02 18:30:30,319 INFO [base.py(base_find:29)] - 正在查找元素：('css selector', '.el-button--primary')
2020-08-02 18:30:32,413 INFO [base.py(__init__:17)] - 正在初始化driver: <selenium.webdriver.chrome.webdriver.WebDriver (session="7a06533a4ba1a8f8e945f5364c12a23f")>
2020-08-02 18:30:32,417 INFO [base.py(base_click:55)] - 正在对：('xpath', "//span[text()='内容管理']/..") 元素执行点击操作！
2020-08-02 18:30:32,417 INFO [base.py(base_find:29)] - 正在查找元素：('xpath', "//span[text()='内容管理']/..")
2020-08-02 18:30:34,510 INFO [base.py(base_click:55)] - 正在对：('xpath', "//*[contains(text(),'发布文章')]") 元素执行点击操作！
2020-08-02 18:30:34,510 INFO [base.py(base_find:29)] - 正在查找元素：('xpath', "//*[contains(text(),'发布文章')]")
2020-08-02 18:30:36,663 INFO [base.py(base_find:29)] - 正在查找元素：('css selector', "[placeholder='文章名称']")
2020-08-02 18:30:36,681 INFO [base.py(base_input:42)] - 正在对：('css selector', "[placeholder='文章名称']") 元素执行清空操作！
2020-08-02 18:30:36,724 INFO [base.py(base_input:45)] - 正在对：('css selector', "[placeholder='文章名称']") 元素执行输入:test002 操作！
2020-08-02 18:30:38,917 INFO [base.py(base_find:29)] - 正在查找元素：('css selector', '#publishTinymce_ifr')
2020-08-02 18:30:40,991 INFO [base.py(base_find:29)] - 正在查找元素：('css selector', '#tinymce')
2020-08-02 18:30:41,003 INFO [base.py(base_input:42)] - 正在对：('css selector', '#tinymce') 元素执行清空操作！
2020-08-02 18:30:41,026 INFO [base.py(base_input:45)] - 正在对：('css selector', '#tinymce') 元素执行输入:今天太热了 操作！
2020-08-02 18:30:45,163 INFO [base.py(base_click:55)] - 正在对：('xpath', "//*[text()='自动']") 元素执行点击操作！
2020-08-02 18:30:45,163 INFO [base.py(base_find:29)] - 正在查找元素：('xpath', "//*[text()='自动']")
2020-08-02 18:30:52,300 INFO [base.py(base_click:55)] - 正在对：('css selector', '[placeholder=请选择]') 元素执行点击操作！
2020-08-02 18:30:52,301 INFO [base.py(base_find:29)] - 正在查找元素：('css selector', '[placeholder=请选择]')
2020-08-02 18:30:55,563 INFO [base.py(base_click:55)] - 正在对：('xpath', "//*[text()='数据库']") 元素执行点击操作！
2020-08-02 18:30:55,564 INFO [base.py(base_find:29)] - 正在查找元素：('xpath', "//*[text()='数据库']")
2020-08-02 18:31:02,725 INFO [base.py(base_click:55)] - 正在对：('xpath', "//*[text()='发表']/..") 元素执行点击操作！
2020-08-02 18:31:02,726 INFO [base.py(base_find:29)] - 正在查找元素：('xpath', "//*[text()='发表']/..")
2020-08-02 18:31:02,851 INFO [base.py(base_find:29)] - 正在查找元素：('xpath', "//*[contains(text(),'新增文章成功')]")
2020-08-02 18:31:03,392 INFO [base.py(base_get_text:65)] - 正在对：('xpath', "//*[contains(text(),'新增文章成功')]") 元素获取文本操作！，获取的文本值：新增文章成功
2020-08-02 18:31:03,393 INFO [base.py(base_find:29)] - 正在查找元素：('xpath', "//*[contains(text(),'新增文章成功')]")
2020-08-02 18:33:20,766 INFO [base.py(__init__:17)] - 正在初始化driver: <selenium.webdriver.chrome.webdriver.WebDriver (session="42bdeafec42b582d6e42327f20cd73f9")>
2020-08-02 18:33:20,766 INFO [base.py(base_find:29)] - 正在查找元素：('css selector', "[placeholder='请输入手机号']")
2020-08-02 18:33:20,784 INFO [base.py(base_input:42)] - 正在对：('css selector', "[placeholder='请输入手机号']") 元素执行清空操作！
2020-08-02 18:33:20,868 INFO [base.py(base_input:45)] - 正在对：('css selector', "[placeholder='请输入手机号']") 元素执行输入:13812345678 操作！
2020-08-02 18:33:21,985 INFO [base.py(base_find:29)] - 正在查找元素：('css selector', "[placeholder='验证码']")
2020-08-02 18:33:22,025 INFO [base.py(base_input:42)] - 正在对：('css selector', "[placeholder='验证码']") 元素执行清空操作！
2020-08-02 18:33:22,072 INFO [base.py(base_input:45)] - 正在对：('css selector', "[placeholder='验证码']") 元素执行输入:246810 操作！
2020-08-02 18:33:23,163 INFO [base.py(base_click:55)] - 正在对：('css selector', '.el-button--primary') 元素执行点击操作！
2020-08-02 18:33:23,164 INFO [base.py(base_find:29)] - 正在查找元素：('css selector', '.el-button--primary')
2020-08-02 18:33:25,312 INFO [base.py(__init__:17)] - 正在初始化driver: <selenium.webdriver.chrome.webdriver.WebDriver (session="42bdeafec42b582d6e42327f20cd73f9")>
2020-08-02 18:33:25,315 INFO [base.py(base_click:55)] - 正在对：('xpath', "//span[text()='内容管理']/..") 元素执行点击操作！
2020-08-02 18:33:25,315 INFO [base.py(base_find:29)] - 正在查找元素：('xpath', "//span[text()='内容管理']/..")
2020-08-02 18:33:27,394 INFO [base.py(base_click:55)] - 正在对：('xpath', "//*[contains(text(),'发布文章')]") 元素执行点击操作！
2020-08-02 18:33:27,394 INFO [base.py(base_find:29)] - 正在查找元素：('xpath', "//*[contains(text(),'发布文章')]")
2020-08-02 18:33:29,471 INFO [base.py(base_find:29)] - 正在查找元素：('css selector', "[placeholder='文章名称']")
2020-08-02 18:33:29,503 INFO [base.py(base_input:42)] - 正在对：('css selector', "[placeholder='文章名称']") 元素执行清空操作！
2020-08-02 18:33:29,552 INFO [base.py(base_input:45)] - 正在对：('css selector', "[placeholder='文章名称']") 元素执行输入:test002 操作！
2020-08-02 18:33:31,697 INFO [base.py(base_find:29)] - 正在查找元素：('css selector', '#publishTinymce_ifr')
2020-08-02 18:33:33,769 INFO [base.py(base_find:29)] - 正在查找元素：('css selector', '#tinymce')
2020-08-02 18:33:33,810 INFO [base.py(base_input:42)] - 正在对：('css selector', '#tinymce') 元素执行清空操作！
2020-08-02 18:33:33,850 INFO [base.py(base_input:45)] - 正在对：('css selector', '#tinymce') 元素执行输入:今天太热了 操作！
2020-08-02 18:33:38,006 INFO [base.py(base_click:55)] - 正在对：('xpath', "//*[text()='自动']") 元素执行点击操作！
2020-08-02 18:33:38,007 INFO [base.py(base_find:29)] - 正在查找元素：('xpath', "//*[text()='自动']")
2020-08-02 18:33:40,120 INFO [base.py(base_click:55)] - 正在对：('css selector', '[placeholder=请选择]') 元素执行点击操作！
2020-08-02 18:33:40,120 INFO [base.py(base_find:29)] - 正在查找元素：('css selector', '[placeholder=请选择]')
2020-08-02 18:33:42,271 INFO [base.py(base_click:55)] - 正在对：('xpath', "//*[text()='数据库']") 元素执行点击操作！
2020-08-02 18:33:42,271 INFO [base.py(base_find:29)] - 正在查找元素：('xpath', "//*[text()='数据库']")
2020-08-02 18:33:44,374 INFO [base.py(base_click:55)] - 正在对：('xpath', "//*[text()='发表']/..") 元素执行点击操作！
2020-08-02 18:33:44,374 INFO [base.py(base_find:29)] - 正在查找元素：('xpath', "//*[text()='发表']/..")
2020-08-02 18:33:44,452 INFO [base.py(base_find:29)] - 正在查找元素：('xpath', "//*[contains(text(),'新增文章成功')]")
2020-08-02 18:33:45,006 INFO [base.py(base_get_text:65)] - 正在对：('xpath', "//*[contains(text(),'新增文章成功')]") 元素获取文本操作！，获取的文本值：新增文章成功
2020-08-02 18:33:45,006 INFO [base.py(base_find:29)] - 正在查找元素：('xpath', "//*[contains(text(),'新增文章成功')]")
2020-08-02 18:48:03,554 INFO [base.py(__init__:17)] - 正在初始化driver: <selenium.webdriver.chrome.webdriver.WebDriver (session="f7a10e3a2fcaa517d11c599950708456")>
2020-08-02 18:48:03,554 INFO [base.py(base_find:29)] - 正在查找元素：('css selector', "[placeholder='请输入手机号']")
2020-08-02 18:48:03,571 INFO [base.py(base_input:42)] - 正在对：('css selector', "[placeholder='请输入手机号']") 元素执行清空操作！
2020-08-02 18:48:03,631 INFO [base.py(base_input:45)] - 正在对：('css selector', "[placeholder='请输入手机号']") 元素执行输入:13812345678 操作！
2020-08-02 18:48:04,785 INFO [base.py(base_find:29)] - 正在查找元素：('css selector', "[placeholder='验证码']")
2020-08-02 18:48:04,816 INFO [base.py(base_input:42)] - 正在对：('css selector', "[placeholder='验证码']") 元素执行清空操作！
2020-08-02 18:48:04,866 INFO [base.py(base_input:45)] - 正在对：('css selector', "[placeholder='验证码']") 元素执行输入:246810 操作！
2020-08-02 18:48:05,946 INFO [base.py(base_click:55)] - 正在对：('css selector', '.el-button--primary') 元素执行点击操作！
2020-08-02 18:48:05,947 INFO [base.py(base_find:29)] - 正在查找元素：('css selector', '.el-button--primary')
2020-08-02 18:48:08,055 INFO [base.py(__init__:17)] - 正在初始化driver: <selenium.webdriver.chrome.webdriver.WebDriver (session="f7a10e3a2fcaa517d11c599950708456")>
2020-08-02 18:48:08,057 INFO [base.py(base_click:55)] - 正在对：('xpath', "//span[text()='内容管理']/..") 元素执行点击操作！
2020-08-02 18:48:08,057 INFO [base.py(base_find:29)] - 正在查找元素：('xpath', "//span[text()='内容管理']/..")
2020-08-02 18:48:10,128 INFO [base.py(base_click:55)] - 正在对：('xpath', "//*[contains(text(),'发布文章')]") 元素执行点击操作！
2020-08-02 18:48:10,128 INFO [base.py(base_find:29)] - 正在查找元素：('xpath', "//*[contains(text(),'发布文章')]")
2020-08-02 18:48:12,209 INFO [base.py(base_find:29)] - 正在查找元素：('css selector', "[placeholder='文章名称']")
2020-08-02 18:48:12,245 INFO [base.py(base_input:42)] - 正在对：('css selector', "[placeholder='文章名称']") 元素执行清空操作！
2020-08-02 18:48:12,304 INFO [base.py(base_input:45)] - 正在对：('css selector', "[placeholder='文章名称']") 元素执行输入:test002 操作！
2020-08-02 18:48:14,459 INFO [base.py(base_find:29)] - 正在查找元素：('css selector', '#publishTinymce_ifr')
2020-08-02 18:51:35,176 INFO [base.py(__init__:17)] - 正在初始化driver: <selenium.webdriver.chrome.webdriver.WebDriver (session="05db2d5e88bcb11242469677eacf0d2b")>
2020-08-02 18:51:35,177 INFO [base.py(base_find:29)] - 正在查找元素：('css selector', "[placeholder='请输入手机号']")
2020-08-02 18:51:35,194 INFO [base.py(base_input:42)] - 正在对：('css selector', "[placeholder='请输入手机号']") 元素执行清空操作！
2020-08-02 18:51:35,255 INFO [base.py(base_input:45)] - 正在对：('css selector', "[placeholder='请输入手机号']") 元素执行输入:13812345678 操作！
2020-08-02 18:51:36,392 INFO [base.py(base_find:29)] - 正在查找元素：('css selector', "[placeholder='验证码']")
2020-08-02 18:51:36,434 INFO [base.py(base_input:42)] - 正在对：('css selector', "[placeholder='验证码']") 元素执行清空操作！
2020-08-02 18:51:36,486 INFO [base.py(base_input:45)] - 正在对：('css selector', "[placeholder='验证码']") 元素执行输入:246810 操作！
2020-08-02 18:51:37,568 INFO [base.py(base_click:55)] - 正在对：('css selector', '.el-button--primary') 元素执行点击操作！
2020-08-02 18:51:37,568 INFO [base.py(base_find:29)] - 正在查找元素：('css selector', '.el-button--primary')
2020-08-02 18:54:28,100 INFO [base.py(__init__:17)] - 正在初始化driver: <selenium.webdriver.chrome.webdriver.WebDriver (session="115da964895f761bc3cae2c41bbea161")>
2020-08-02 18:54:28,100 INFO [base.py(base_find:29)] - 正在查找元素：('css selector', "[placeholder='请输入手机号']")
2020-08-02 18:54:28,120 INFO [base.py(base_input:42)] - 正在对：('css selector', "[placeholder='请输入手机号']") 元素执行清空操作！
2020-08-02 18:54:28,167 INFO [base.py(base_input:45)] - 正在对：('css selector', "[placeholder='请输入手机号']") 元素执行输入:13812345678 操作！
2020-08-02 18:54:29,367 INFO [base.py(base_find:29)] - 正在查找元素：('css selector', "[placeholder='验证码']")
2020-08-02 18:54:29,412 INFO [base.py(base_input:42)] - 正在对：('css selector', "[placeholder='验证码']") 元素执行清空操作！
2020-08-02 18:54:29,462 INFO [base.py(base_input:45)] - 正在对：('css selector', "[placeholder='验证码']") 元素执行输入:246810 操作！
2020-08-02 18:54:30,540 INFO [base.py(base_click:55)] - 正在对：('css selector', '.el-button--primary') 元素执行点击操作！
2020-08-02 18:54:30,541 INFO [base.py(base_find:29)] - 正在查找元素：('css selector', '.el-button--primary')
2020-08-02 18:54:32,639 INFO [base.py(__init__:17)] - 正在初始化driver: <selenium.webdriver.chrome.webdriver.WebDriver (session="115da964895f761bc3cae2c41bbea161")>
2020-08-02 18:54:32,640 INFO [base.py(base_click:55)] - 正在对：('xpath', "//span[text()='内容管理']/..") 元素执行点击操作！
2020-08-02 18:54:32,640 INFO [base.py(base_find:29)] - 正在查找元素：('xpath', "//span[text()='内容管理']/..")
2020-08-02 18:54:34,727 INFO [base.py(base_click:55)] - 正在对：('xpath', "//*[contains(text(),'发布文章')]") 元素执行点击操作！
2020-08-02 18:54:34,727 INFO [base.py(base_find:29)] - 正在查找元素：('xpath', "//*[contains(text(),'发布文章')]")
2020-08-02 18:54:36,867 INFO [base.py(base_find:29)] - 正在查找元素：('css selector', "[placeholder='文章名称']")
2020-08-02 18:54:36,880 INFO [base.py(base_input:42)] - 正在对：('css selector', "[placeholder='文章名称']") 元素执行清空操作！
2020-08-02 18:54:36,917 INFO [base.py(base_input:45)] - 正在对：('css selector', "[placeholder='文章名称']") 元素执行输入:test002 操作！
2020-08-02 18:54:39,108 INFO [base.py(base_find:29)] - 正在查找元素：('css selector', '#publishTinymce_ifr')
2020-08-02 18:54:41,187 INFO [base.py(base_find:29)] - 正在查找元素：('css selector', '#tinymce')
2020-08-02 18:54:41,223 INFO [base.py(base_input:42)] - 正在对：('css selector', '#tinymce') 元素执行清空操作！
2020-08-02 18:54:41,262 INFO [base.py(base_input:45)] - 正在对：('css selector', '#tinymce') 元素执行输入:今天太热了 操作！
2020-08-02 18:54:45,428 INFO [base.py(base_click:55)] - 正在对：('xpath', "//*[text()='自动']") 元素执行点击操作！
2020-08-02 18:54:45,429 INFO [base.py(base_find:29)] - 正在查找元素：('xpath', "//*[text()='自动']")
2020-08-02 18:54:47,539 INFO [base.py(base_click:55)] - 正在对：('css selector', '[placeholder=请选择]') 元素执行点击操作！
2020-08-02 18:54:47,539 INFO [base.py(base_find:29)] - 正在查找元素：('css selector', '[placeholder=请选择]')
2020-08-02 18:54:49,685 INFO [base.py(base_click:55)] - 正在对：('xpath', "//*[text()='数据库']") 元素执行点击操作！
2020-08-02 18:54:49,685 INFO [base.py(base_find:29)] - 正在查找元素：('xpath', "//*[text()='数据库']")
2020-08-02 18:54:51,791 INFO [base.py(base_click:55)] - 正在对：('xpath', "//*[text()='发表']/..") 元素执行点击操作！
2020-08-02 18:54:51,791 INFO [base.py(base_find:29)] - 正在查找元素：('xpath', "//*[text()='发表']/..")
2020-08-02 18:54:51,876 INFO [base.py(base_find:29)] - 正在查找元素：('xpath', "//*[contains(text(),'新增文章成功')]")
2020-08-02 18:54:52,426 INFO [base.py(base_get_text:65)] - 正在对：('xpath', "//*[contains(text(),'新增文章成功')]") 元素获取文本操作！，获取的文本值：新增文章成功
2020-08-02 18:54:52,426 INFO [base.py(base_find:29)] - 正在查找元素：('xpath', "//*[contains(text(),'新增文章成功')]")
2020-08-02 18:56:13,848 INFO [base.py(__init__:17)] - 正在初始化driver: <selenium.webdriver.chrome.webdriver.WebDriver (session="0d64682ed93866c4e73e6226b0dfe507")>
2020-08-02 18:56:13,848 INFO [base.py(base_find:29)] - 正在查找元素：('css selector', "[placeholder='请输入手机号']")
2020-08-02 18:56:13,872 INFO [base.py(base_input:42)] - 正在对：('css selector', "[placeholder='请输入手机号']") 元素执行清空操作！
2020-08-02 18:56:13,929 INFO [base.py(base_input:45)] - 正在对：('css selector', "[placeholder='请输入手机号']") 元素执行输入:13812345678 操作！
2020-08-02 18:56:15,136 INFO [base.py(base_find:29)] - 正在查找元素：('css selector', "[placeholder='验证码']")
2020-08-02 18:56:15,185 INFO [base.py(base_input:42)] - 正在对：('css selector', "[placeholder='验证码']") 元素执行清空操作！
2020-08-02 18:56:15,230 INFO [base.py(base_input:45)] - 正在对：('css selector', "[placeholder='验证码']") 元素执行输入:246810 操作！
2020-08-02 18:56:16,311 INFO [base.py(base_click:55)] - 正在对：('css selector', '.el-button--primary') 元素执行点击操作！
2020-08-02 18:56:16,311 INFO [base.py(base_find:29)] - 正在查找元素：('css selector', '.el-button--primary')
2020-08-02 18:56:18,432 INFO [base.py(__init__:17)] - 正在初始化driver: <selenium.webdriver.chrome.webdriver.WebDriver (session="0d64682ed93866c4e73e6226b0dfe507")>
2020-08-02 18:56:18,435 INFO [base.py(base_click:55)] - 正在对：('xpath', "//span[text()='内容管理']/..") 元素执行点击操作！
2020-08-02 18:56:18,436 INFO [base.py(base_find:29)] - 正在查找元素：('xpath', "//span[text()='内容管理']/..")
2020-08-02 18:56:20,518 INFO [base.py(base_click:55)] - 正在对：('xpath', "//*[contains(text(),'发布文章')]") 元素执行点击操作！
2020-08-02 18:56:20,519 INFO [base.py(base_find:29)] - 正在查找元素：('xpath', "//*[contains(text(),'发布文章')]")
2020-08-02 18:56:22,631 INFO [base.py(base_find:29)] - 正在查找元素：('css selector', "[placeholder='文章名称']")
2020-08-02 18:56:22,679 INFO [base.py(base_input:42)] - 正在对：('css selector', "[placeholder='文章名称']") 元素执行清空操作！
2020-08-02 18:56:22,718 INFO [base.py(base_input:45)] - 正在对：('css selector', "[placeholder='文章名称']") 元素执行输入:test002 操作！
2020-08-02 18:56:24,885 INFO [base.py(base_find:29)] - 正在查找元素：('css selector', '#publishTinymce_ifr')
2020-08-02 18:56:26,924 INFO [base.py(base_find:29)] - 正在查找元素：('css selector', '#tinymce')
2020-08-02 18:56:26,956 INFO [base.py(base_input:42)] - 正在对：('css selector', '#tinymce') 元素执行清空操作！
2020-08-02 18:56:27,000 INFO [base.py(base_input:45)] - 正在对：('css selector', '#tinymce') 元素执行输入:今天太热了 操作！
2020-08-02 18:56:31,141 INFO [base.py(base_click:55)] - 正在对：('xpath', "//*[text()='自动']") 元素执行点击操作！
2020-08-02 18:56:31,142 INFO [base.py(base_find:29)] - 正在查找元素：('xpath', "//*[text()='自动']")
2020-08-02 18:56:33,260 INFO [base.py(base_click:55)] - 正在对：('css selector', '[placeholder=请选择]') 元素执行点击操作！
2020-08-02 18:56:33,261 INFO [base.py(base_find:29)] - 正在查找元素：('css selector', '[placeholder=请选择]')
2020-08-02 18:56:35,425 INFO [base.py(base_click:55)] - 正在对：('xpath', "//*[text()='数据库']") 元素执行点击操作！
2020-08-02 18:56:35,425 INFO [base.py(base_find:29)] - 正在查找元素：('xpath', "//*[text()='数据库']")
2020-08-02 18:56:37,526 INFO [base.py(base_click:55)] - 正在对：('xpath', "//*[text()='发表']/..") 元素执行点击操作！
2020-08-02 18:56:37,527 INFO [base.py(base_find:29)] - 正在查找元素：('xpath', "//*[text()='发表']/..")
2020-08-02 18:56:37,663 INFO [base.py(base_find:29)] - 正在查找元素：('xpath', "//*[contains(text(),'新增文章成功')]")
2020-08-02 18:56:38,209 INFO [base.py(base_get_text:65)] - 正在对：('xpath', "//*[contains(text(),'新增文章成功')]") 元素获取文本操作！，获取的文本值：新增文章成功
2020-08-02 18:56:38,210 INFO [base.py(base_find:29)] - 正在查找元素：('xpath', "//*[contains(text(),'新增文章成功')]")
2020-08-02 19:55:50,540 INFO [base.py(__init__:17)] - 正在初始化driver: <selenium.webdriver.chrome.webdriver.WebDriver (session="9ea3bd073ddf3456b16f18a2827b99f2")>
2020-08-02 19:55:50,542 INFO [base.py(base_find:29)] - 正在查找元素：('css selector', "[name='username']")
2020-08-02 19:55:50,568 INFO [base.py(base_input:42)] - 正在对：('css selector', "[name='username']") 元素执行清空操作！
2020-08-02 19:55:50,608 INFO [base.py(base_input:45)] - 正在对：('css selector', "[name='username']") 元素执行输入:testid 操作！
2020-08-02 19:55:52,703 INFO [base.py(base_find:29)] - 正在查找元素：('css selector', "[name='password']")
2020-08-02 19:55:52,742 INFO [base.py(base_input:42)] - 正在对：('css selector', "[name='password']") 元素执行清空操作！
2020-08-02 19:55:52,787 INFO [base.py(base_input:45)] - 正在对：('css selector', "[name='password']") 元素执行输入:testpwd123 操作！
2020-08-02 19:55:54,888 INFO [base.py(base_click:55)] - 正在对：('css selector', '#inp1') 元素执行点击操作！
2020-08-02 19:55:54,888 INFO [base.py(base_find:29)] - 正在查找元素：('css selector', '#inp1')
2020-08-02 19:55:56,990 INFO [base.py(base_find:29)] - 正在查找元素：('css selector', '.user_info')
2020-08-02 19:55:57,029 INFO [base.py(base_get_text:65)] - 正在对：('css selector', '.user_info') 元素获取文本操作！，获取的文本值：欢迎 管理员
2020-08-02 19:55:57,029 INFO [base.py(base_find:29)] - 正在查找元素：('css selector', '.user_info')
