2020-08-06 10:42:37,207 INFO [base.py(__init__:17)] - 正在初始化driver: <appium.webdriver.webdriver.WebDriver (session="f47d1943-6627-4799-a4e8-df016847de66")>
2020-08-06 10:42:37,208 INFO [page_app_login.py(page_app_login:66)] - 正在调用app应用登录业务方法 手机号:13812345678 验证码: 246810
2020-08-06 10:42:37,209 INFO [base.py(base_find:29)] - 正在查找元素：('xpath', "//*[@index='1' and @class='android.widget.EditText']")
2020-08-06 10:42:41,102 INFO [base.py(base_input:42)] - 正在对：('xpath', "//*[@index='1' and @class='android.widget.EditText']") 元素执行清空操作！
2020-08-06 10:42:42,546 INFO [base.py(base_input:45)] - 正在对：('xpath', "//*[@index='1' and @class='android.widget.EditText']") 元素执行输入:13812345678 操作！
2020-08-06 12:08:59,803 INFO [base.py(__init__:17)] - 正在初始化driver: <appium.webdriver.webdriver.WebDriver (session="2e9ead20-d0c7-40be-a882-6f83b1b7c592")>
2020-08-06 12:08:59,803 INFO [page_app_login.py(page_app_login:66)] - 正在调用app应用登录业务方法 手机号:13812345678 验证码: 246810
2020-08-06 12:08:59,803 INFO [base.py(base_find:29)] - 正在查找元素：('xpath', "//*[@index='1' and @class='android.widget.EditText']")
2020-08-06 12:09:03,250 INFO [base.py(base_input:42)] - 正在对：('xpath', "//*[@index='1' and @class='android.widget.EditText']") 元素执行清空操作！
2020-08-06 12:09:05,949 INFO [base.py(base_input:45)] - 正在对：('xpath', "//*[@index='1' and @class='android.widget.EditText']") 元素执行输入:13812345678 操作！
2020-08-06 12:11:08,610 INFO [base.py(__init__:17)] - 正在初始化driver: <appium.webdriver.webdriver.WebDriver (session="0561fb3e-1854-4355-85a6-5bcf999e9eeb")>
2020-08-06 12:11:08,610 INFO [page_app_login.py(page_app_login:66)] - 正在调用app应用登录业务方法 手机号:13812345678 验证码: 246810
2020-08-06 12:11:08,610 INFO [base.py(base_find:29)] - 正在查找元素：('xpath', "//*[@index='1' and @class='android.widget.EditText']")
2020-08-06 12:11:12,213 INFO [base.py(base_input:42)] - 正在对：('xpath', "//*[@index='1' and @class='android.widget.EditText']") 元素执行清空操作！
2020-08-06 12:11:14,818 INFO [base.py(base_input:45)] - 正在对：('xpath', "//*[@index='1' and @class='android.widget.EditText']") 元素执行输入:13812345678 操作！
2020-08-06 12:13:07,871 INFO [base.py(__init__:17)] - 正在初始化driver: <appium.webdriver.webdriver.WebDriver (session="91387442-bd7f-4457-9a34-83d8c6efea27")>
2020-08-06 12:15:08,110 INFO [base.py(__init__:17)] - 正在初始化driver: <appium.webdriver.webdriver.WebDriver (session="b1c8d97b-e926-48f6-a732-7e8c7267fca3")>
2020-08-06 12:15:08,110 INFO [base.py(base_find:29)] - 正在查找元素：('xpath', "//*[@index='1' and @class='android.widget.EditText']")
2020-08-06 12:15:12,563 INFO [base.py(base_input:42)] - 正在对：('xpath', "//*[@index='1' and @class='android.widget.EditText']") 元素执行清空操作！
2020-08-06 12:15:13,601 INFO [base.py(base_input:45)] - 正在对：('xpath', "//*[@index='1' and @class='android.widget.EditText']") 元素执行输入:13812345678 操作！
